LABELLED:	468
UNLABELLED:	468
Number of classes:	11
Total parameters: 3798159
Total: 3798159
amor_d.weight	torch.Size([80, 256])
amor_d.bias	torch.Size([80])
amor_diag1.0.weight	torch.Size([40, 256])
amor_diag1.0.bias	torch.Size([40])
amor_diag2.0.weight	torch.Size([40, 256])
amor_diag2.0.bias	torch.Size([40])
amor_b.weight	torch.Size([40, 256])
amor_b.bias	torch.Size([40])
amor_q.weight	torch.Size([80, 256])
amor_q.bias	torch.Size([80])
amor_q_a.weight	torch.Size([80, 256])
amor_q_a.bias	torch.Size([80])
encoder.hidden.0.weight	torch.Size([512, 797])
encoder.hidden.0.bias	torch.Size([512])
encoder.hidden.1.weight	torch.Size([256, 512])
encoder.hidden.1.bias	torch.Size([256])
encoder.gates_layers.0.weight	torch.Size([512, 797])
encoder.gates_layers.0.bias	torch.Size([512])
encoder.gates_layers.1.weight	torch.Size([256, 512])
encoder.gates_layers.1.bias	torch.Size([256])
encoder.bn.0.weight	torch.Size([512])
encoder.bn.0.bias	torch.Size([512])
encoder.bn.1.weight	torch.Size([256])
encoder.bn.1.bias	torch.Size([256])
encoder.sample.mu.weight	torch.Size([2, 256])
encoder.sample.mu.bias	torch.Size([2])
encoder.sample.log_var.weight	torch.Size([2, 256])
encoder.sample.log_var.bias	torch.Size([2])
decoder.hidden.0.weight	torch.Size([256, 13])
decoder.hidden.0.bias	torch.Size([256])
decoder.hidden.1.weight	torch.Size([512, 256])
decoder.hidden.1.bias	torch.Size([512])
decoder.bn.0.weight	torch.Size([256])
decoder.bn.0.bias	torch.Size([256])
decoder.bn.1.weight	torch.Size([512])
decoder.bn.1.bias	torch.Size([512])
decoder.gates_layers.0.weight	torch.Size([256, 13])
decoder.gates_layers.0.bias	torch.Size([256])
decoder.gates_layers.1.weight	torch.Size([512, 256])
decoder.gates_layers.1.bias	torch.Size([512])
decoder.reconstruction.weight	torch.Size([784, 512])
decoder.reconstruction.bias	torch.Size([784])
classifier.fcs.0.weight	torch.Size([256, 786])
classifier.fcs.0.bias	torch.Size([256])
classifier.fcs.1.weight	torch.Size([11, 256])
classifier.fcs.1.bias	torch.Size([11])
classifier.bn.0.weight	torch.Size([256])
classifier.bn.0.bias	torch.Size([256])
aux_encoder.hidden.0.weight	torch.Size([512, 784])
aux_encoder.hidden.0.bias	torch.Size([512])
aux_encoder.hidden.1.weight	torch.Size([256, 512])
aux_encoder.hidden.1.bias	torch.Size([256])
aux_encoder.gates_layers.0.weight	torch.Size([512, 784])
aux_encoder.gates_layers.0.bias	torch.Size([512])
aux_encoder.gates_layers.1.weight	torch.Size([256, 512])
aux_encoder.gates_layers.1.bias	torch.Size([256])
aux_encoder.bn.0.weight	torch.Size([512])
aux_encoder.bn.0.bias	torch.Size([512])
aux_encoder.bn.1.weight	torch.Size([256])
aux_encoder.bn.1.bias	torch.Size([256])
aux_encoder.sample.mu.weight	torch.Size([2, 256])
aux_encoder.sample.mu.bias	torch.Size([2])
aux_encoder.sample.log_var.weight	torch.Size([2, 256])
aux_encoder.sample.log_var.bias	torch.Size([2])
aux_decoder.hidden.0.weight	torch.Size([256, 797])
aux_decoder.hidden.0.bias	torch.Size([256])
aux_decoder.hidden.1.weight	torch.Size([512, 256])
aux_decoder.hidden.1.bias	torch.Size([512])
aux_decoder.gates_layers.0.weight	torch.Size([256, 797])
aux_decoder.gates_layers.0.bias	torch.Size([256])
aux_decoder.gates_layers.1.weight	torch.Size([512, 256])
aux_decoder.gates_layers.1.bias	torch.Size([512])
aux_decoder.bn.0.weight	torch.Size([256])
aux_decoder.bn.0.bias	torch.Size([256])
aux_decoder.bn.1.weight	torch.Size([512])
aux_decoder.bn.1.bias	torch.Size([512])
aux_decoder.sample.mu.weight	torch.Size([2, 512])
aux_decoder.sample.mu.bias	torch.Size([2])
aux_decoder.sample.log_var.weight	torch.Size([2, 512])
aux_decoder.sample.log_var.bias	torch.Size([2])
