Hebb rates inputs: 0
Hebb rates neurons: [tensor(-0.4031, device='cuda:0', grad_fn=<MulBackward0>), tensor(-0.4329, device='cuda:0', grad_fn=<MulBackward0>)]
Hebb rates neurites: [0.0, 0.0]
Input layer mean hebb tensor(0.)
Input layer min hebb tensor(0.)
Input layer max hebb tensor(0.)
First layer mean hebb tensor(13118.5898, device='cuda:0')
First layer min hebb tensor(12009.1699, device='cuda:0')
First layer max hebb tensor(14156.5459, device='cuda:0')
Changing direction: doing better
Better loss!
Count reset to 0
HYPER COUNT	100
count: 	0
count down: 	0
Hebb rates inputs: 0
Hebb rates neurons: [tensor(-0.4162, device='cuda:0', grad_fn=<MulBackward0>), tensor(-0.4349, device='cuda:0', grad_fn=<MulBackward0>)]
Hebb rates neurites: [0.0, 0.0]
Input layer mean hebb tensor(0.)
Input layer min hebb tensor(0.)
Input layer max hebb tensor(0.)
First layer mean hebb tensor(26260.2734, device='cuda:0')
First layer min hebb tensor(23958.9883, device='cuda:0')
First layer max hebb tensor(27759.7520, device='cuda:0')
Better loss!
Count reset to 0
HYPER COUNT	100
count: 	0
count down: 	0
Hebb rates inputs: 0
Hebb rates neurons: [tensor(-0.4274, device='cuda:0', grad_fn=<MulBackward0>), tensor(-0.4092, device='cuda:0', grad_fn=<MulBackward0>)]
Hebb rates neurites: [0.0, 0.0]
Input layer mean hebb tensor(0.)
Input layer min hebb tensor(0.)
Input layer max hebb tensor(0.)
First layer mean hebb tensor(39410.3750, device='cuda:0')
First layer min hebb tensor(35771.2305, device='cuda:0')
First layer max hebb tensor(41921.2695, device='cuda:0')
Changing direction: doing worst
HYPER COUNT	100
count: 	0
count down: 	0
Hebb rates inputs: 0
Hebb rates neurons: [tensor(-0.4207, device='cuda:0', grad_fn=<MulBackward0>), tensor(-0.4018, device='cuda:0', grad_fn=<MulBackward0>)]
Hebb rates neurites: [0.0, 0.0]
Input layer mean hebb tensor(0.)
Input layer min hebb tensor(0.)
Input layer max hebb tensor(0.)
First layer mean hebb tensor(52566.5703, device='cuda:0')
First layer min hebb tensor(47567.4492, device='cuda:0')
First layer max hebb tensor(55754.2812, device='cuda:0')
Changing direction: doing better
Better loss!
Count reset to 0
HYPER COUNT	100
count: 	0
count down: 	0
Hebb rates inputs: 0
Hebb rates neurons: [tensor(-0.4100, device='cuda:0', grad_fn=<MulBackward0>), tensor(-0.4059, device='cuda:0', grad_fn=<MulBackward0>)]
Hebb rates neurites: [0.0, 0.0]
Input layer mean hebb tensor(0.)
Input layer min hebb tensor(0.)
Input layer max hebb tensor(0.)
First layer mean hebb tensor(65707.0469, device='cuda:0')
First layer min hebb tensor(59466.1211, device='cuda:0')
First layer max hebb tensor(69729.5859, device='cuda:0')
Changing direction: doing worst
HYPER COUNT	100
count: 	0
count down: 	0
Hebb rates inputs: 0
Hebb rates neurons: [tensor(-0.4229, device='cuda:0', grad_fn=<MulBackward0>), tensor(-0.3919, device='cuda:0', grad_fn=<MulBackward0>)]
Hebb rates neurites: [0.0, 0.0]
Input layer mean hebb tensor(0.)
Input layer min hebb tensor(0.)
Input layer max hebb tensor(0.)
First layer mean hebb tensor(78867.4219, device='cuda:0')
First layer min hebb tensor(71516.5312, device='cuda:0')
First layer max hebb tensor(83730.4766, device='cuda:0')
Changing direction: doing better
Better loss!
Count reset to 0
HYPER COUNT	100
count: 	0
count down: 	0
Hebb rates inputs: 0
Hebb rates neurons: [tensor(-0.4325, device='cuda:0', grad_fn=<MulBackward0>), tensor(-0.3938, device='cuda:0', grad_fn=<MulBackward0>)]
Hebb rates neurites: [0.0, 0.0]
Input layer mean hebb tensor(0.)
Input layer min hebb tensor(0.)
Input layer max hebb tensor(0.)
First layer mean hebb tensor(92002.7031, device='cuda:0')
First layer min hebb tensor(83598.8594, device='cuda:0')
First layer max hebb tensor(97781.0469, device='cuda:0')
Changing direction: doing worst
HYPER COUNT	100
count: 	0
count down: 	0
Hebb rates inputs: 0
Hebb rates neurons: [tensor(-0.4207, device='cuda:0', grad_fn=<MulBackward0>), tensor(-0.4094, device='cuda:0', grad_fn=<MulBackward0>)]
Hebb rates neurites: [0.0, 0.0]
Input layer mean hebb tensor(0.)
Input layer min hebb tensor(0.)
Input layer max hebb tensor(0.)
First layer mean hebb tensor(105134.5938, device='cuda:0')
First layer min hebb tensor(95516.8516, device='cuda:0')
First layer max hebb tensor(111547.1484, device='cuda:0')
Changing direction: doing better
HYPER COUNT	100
count: 	1
count down: 	0
Hebb rates inputs: 0
Hebb rates neurons: [tensor(-0.4011, device='cuda:0', grad_fn=<MulBackward0>), tensor(-0.4372, device='cuda:0', grad_fn=<MulBackward0>)]
Hebb rates neurites: [0.0, 0.0]
Input layer mean hebb tensor(0.)
Input layer min hebb tensor(0.)
Input layer max hebb tensor(0.)
First layer mean hebb tensor(118293.5234, device='cuda:0')
First layer min hebb tensor(107509.6094, device='cuda:0')
First layer max hebb tensor(125538.7656, device='cuda:0')
Better loss!
Count reset to 0
HYPER COUNT	100
count: 	0
count down: 	0
Hebb rates inputs: 0
Hebb rates neurons: [tensor(-0.3957, device='cuda:0', grad_fn=<MulBackward0>), tensor(-0.4026, device='cuda:0', grad_fn=<MulBackward0>)]
Hebb rates neurites: [0.0, 0.0]
Input layer mean hebb tensor(0.)
Input layer min hebb tensor(0.)
Input layer max hebb tensor(0.)
First layer mean hebb tensor(131439.2188, device='cuda:0')
First layer min hebb tensor(119391.3750, device='cuda:0')
First layer max hebb tensor(139427.7812, device='cuda:0')
Changing direction: doing worst
HYPER COUNT	100
count: 	0
count down: 	0
previous accuracy: 	185.49031472206116
running_loss: 	185.49125862121582
Hebb rates inputs: 0
Hebb rates neurons: [tensor(-0.4074, device='cuda:0', grad_fn=<MulBackward0>), tensor(-0.4137, device='cuda:0', grad_fn=<MulBackward0>)]
Hebb rates neurites: [0.0, 0.0]
Input layer mean hebb tensor(0.)
Input layer min hebb tensor(0.)
Input layer max hebb tensor(0.)
First layer mean hebb tensor(144587.5156, device='cuda:0')
First layer min hebb tensor(131320.4688, device='cuda:0')
First layer max hebb tensor(153500.4844, device='cuda:0')
HYPER COUNT	100
count: 	0
count down: 	1
Hebb rates inputs: 0
Hebb rates neurons: [tensor(-0.4185, device='cuda:0', grad_fn=<MulBackward0>), tensor(-0.4238, device='cuda:0', grad_fn=<MulBackward0>)]
Hebb rates neurites: [0.0, 0.0]
Input layer mean hebb tensor(0.)
Input layer min hebb tensor(0.)
Input layer max hebb tensor(0.)
First layer mean hebb tensor(157741.5625, device='cuda:0')
First layer min hebb tensor(143065.1875, device='cuda:0')
First layer max hebb tensor(167450.5156, device='cuda:0')
Changing direction: doing better
Better loss!
Count reset to 0
HYPER COUNT	100
count: 	0
count down: 	0
Hebb rates inputs: 0
Hebb rates neurons: [tensor(-0.4080, device='cuda:0', grad_fn=<MulBackward0>), tensor(-0.5044, device='cuda:0', grad_fn=<MulBackward0>)]
Hebb rates neurites: [0.0, 0.0]
Input layer mean hebb tensor(0.)
Input layer min hebb tensor(0.)
Input layer max hebb tensor(0.)
First layer mean hebb tensor(170864.4375, device='cuda:0')
First layer min hebb tensor(154972.8125, device='cuda:0')
First layer max hebb tensor(181262.5625, device='cuda:0')
Changing direction: doing worst
HYPER COUNT	100
count: 	0
count down: 	0
Hebb rates inputs: 0
Hebb rates neurons: [tensor(-0.4046, device='cuda:0', grad_fn=<MulBackward0>), tensor(-0.3758, device='cuda:0', grad_fn=<MulBackward0>)]
Hebb rates neurites: [0.0, 0.0]
Input layer mean hebb tensor(0.)
Input layer min hebb tensor(0.)
Input layer max hebb tensor(0.)
First layer mean hebb tensor(184017.3125, device='cuda:0')
First layer min hebb tensor(166825.0625, device='cuda:0')
First layer max hebb tensor(195445.5312, device='cuda:0')
Changing direction: doing better
Better loss!
Count reset to 0
HYPER COUNT	100
count: 	0
count down: 	0
Hebb rates inputs: 0
Hebb rates neurons: [tensor(-0.4066, device='cuda:0', grad_fn=<MulBackward0>), tensor(-0.4060, device='cuda:0', grad_fn=<MulBackward0>)]
Hebb rates neurites: [0.0, 0.0]
Input layer mean hebb tensor(0.)
Input layer min hebb tensor(0.)
Input layer max hebb tensor(0.)
First layer mean hebb tensor(197194.6250, device='cuda:0')
First layer min hebb tensor(178845.9688, device='cuda:0')
First layer max hebb tensor(209521.0625, device='cuda:0')
Better loss!
Count reset to 0
HYPER COUNT	100
count: 	0
count down: 	0