started
epoch 1 last  0
       0
0    0.0
515  0.0
517  0.0
518  0.0
519  0.0
520  0.0
521  0.0
522  0.0
523  0.0
524  0.0
525  0.0
526  0.0
527  0.0
528  0.0
529  0.0
530  0.0
531  0.0
532  0.0
533  0.0
534  0.0
535  0.0
536  0.0
537  0.0
516  0.0
514  0.0
1    0.0
513  0.0
492  0.0
493  0.0
494  0.0
..   ...
287  0.0
288  0.0
289  0.0
290  0.0
291  0.0
270  0.0
269  0.0
268  0.0
256  0.0
247  0.0
248  0.0
249  0.0
250  0.0
251  0.0
252  0.0
253  0.0
254  0.0
255  0.0
257  0.0
267  0.0
258  0.0
259  0.0
260  0.0
261  0.0
262  0.0
263  0.0
264  0.0
265  0.0
266  0.0
783  0.0

[784 rows x 1 columns]
epoch 2 last  1
       0    1
0    0.0  0.0
515  0.0  0.0
517  0.0  0.0
518  0.0  0.0
519  0.0  0.0
520  0.0  0.0
521  0.0  0.0
522  0.0  0.0
523  0.0  0.0
524  0.0  0.0
525  0.0  0.0
526  0.0  0.0
527  0.0  0.0
528  0.0  0.0
529  0.0  0.0
530  0.0  0.0
531  0.0  0.0
532  0.0  0.0
533  0.0  0.0
534  0.0  0.0
535  0.0  0.0
536  0.0  0.0
537  0.0  0.0
516  0.0  0.0
514  0.0  0.0
1    0.0  0.0
513  0.0  0.0
492  0.0  0.0
493  0.0  0.0
494  0.0  0.0
..   ...  ...
287  0.0  0.0
288  0.0  0.0
289  0.0  0.0
290  0.0  0.0
291  0.0  0.0
270  0.0  0.0
269  0.0  0.0
268  0.0  0.0
256  0.0  0.0
247  0.0  0.0
248  0.0  0.0
249  0.0  0.0
250  0.0  0.0
251  0.0  0.0
252  0.0  0.0
253  0.0  0.0
254  0.0  0.0
255  0.0  0.0
257  0.0  0.0
267  0.0  0.0
258  0.0  0.0
259  0.0  0.0
260  0.0  0.0
261  0.0  0.0
262  0.0  0.0
263  0.0  0.0
264  0.0  0.0
265  0.0  0.0
266  0.0  0.0
783  0.0  0.0

[784 rows x 2 columns]
epoch 3 last  2
       0    1    2
0    0.0  0.0  0.0
515  0.0  0.0  0.0
517  0.0  0.0  0.0
518  0.0  0.0  0.0
519  0.0  0.0  0.0
520  0.0  0.0  0.0
521  0.0  0.0  0.0
522  0.0  0.0  0.0
523  0.0  0.0  0.0
524  0.0  0.0  0.0
525  0.0  0.0  0.0
526  0.0  0.0  0.0
527  0.0  0.0  0.0
528  0.0  0.0  0.0
529  0.0  0.0  0.0
530  0.0  0.0  0.0
531  0.0  0.0  0.0
532  0.0  0.0  0.0
533  0.0  0.0  0.0
534  0.0  0.0  0.0
535  0.0  0.0  0.0
536  0.0  0.0  0.0
537  0.0  0.0  0.0
516  0.0  0.0  0.0
514  0.0  0.0  0.0
1    0.0  0.0  0.0
513  0.0  0.0  0.0
492  0.0  0.0  0.0
493  0.0  0.0  0.0
494  0.0  0.0  0.0
..   ...  ...  ...
287  0.0  0.0  0.0
288  0.0  0.0  0.0
289  0.0  0.0  0.0
290  0.0  0.0  0.0
291  0.0  0.0  0.0
270  0.0  0.0  0.0
269  0.0  0.0  0.0
268  0.0  0.0  0.0
256  0.0  0.0  0.0
247  0.0  0.0  0.0
248  0.0  0.0  0.0
249  0.0  0.0  0.0
250  0.0  0.0  0.0
251  0.0  0.0  0.0
252  0.0  0.0  0.0
253  0.0  0.0  0.0
254  0.0  0.0  0.0
255  0.0  0.0  0.0
257  0.0  0.0  0.0
267  0.0  0.0  0.0
258  0.0  0.0  0.0
259  0.0  0.0  0.0
260  0.0  0.0  0.0
261  0.0  0.0  0.0
262  0.0  0.0  0.0
263  0.0  0.0  0.0
264  0.0  0.0  0.0
265  0.0  0.0  0.0
266  0.0  0.0  0.0
783  0.0  0.0  0.0

[784 rows x 3 columns]
epoch 4 last  3
       0    1    2    3
0    0.0  0.0  0.0  0.0
515  0.0  0.0  0.0  0.0
517  0.0  0.0  0.0  0.0
518  0.0  0.0  0.0  0.0
519  0.0  0.0  0.0  0.0
520  0.0  0.0  0.0  0.0
521  0.0  0.0  0.0  0.0
522  0.0  0.0  0.0  0.0
523  0.0  0.0  0.0  0.0
524  0.0  0.0  0.0  0.0
525  0.0  0.0  0.0  0.0
526  0.0  0.0  0.0  0.0
527  0.0  0.0  0.0  0.0
528  0.0  0.0  0.0  0.0
529  0.0  0.0  0.0  0.0
530  0.0  0.0  0.0  0.0
531  0.0  0.0  0.0  0.0
532  0.0  0.0  0.0  0.0
533  0.0  0.0  0.0  0.0
534  0.0  0.0  0.0  0.0
535  0.0  0.0  0.0  0.0
536  0.0  0.0  0.0  0.0
537  0.0  0.0  0.0  0.0
516  0.0  0.0  0.0  0.0
514  0.0  0.0  0.0  0.0
1    0.0  0.0  0.0  0.0
513  0.0  0.0  0.0  0.0
492  0.0  0.0  0.0  0.0
493  0.0  0.0  0.0  0.0
494  0.0  0.0  0.0  0.0
..   ...  ...  ...  ...
287  0.0  0.0  0.0  0.0
288  0.0  0.0  0.0  0.0
289  0.0  0.0  0.0  0.0
290  0.0  0.0  0.0  0.0
291  0.0  0.0  0.0  0.0
270  0.0  0.0  0.0  0.0
269  0.0  0.0  0.0  0.0
268  0.0  0.0  0.0  0.0
256  0.0  0.0  0.0  0.0
247  0.0  0.0  0.0  0.0
248  0.0  0.0  0.0  0.0
249  0.0  0.0  0.0  0.0
250  0.0  0.0  0.0  0.0
251  0.0  0.0  0.0  0.0
252  0.0  0.0  0.0  0.0
253  0.0  0.0  0.0  0.0
254  0.0  0.0  0.0  0.0
255  0.0  0.0  0.0  0.0
257  0.0  0.0  0.0  0.0
267  0.0  0.0  0.0  0.0
258  0.0  0.0  0.0  0.0
259  0.0  0.0  0.0  0.0
260  0.0  0.0  0.0  0.0
261  0.0  0.0  0.0  0.0
262  0.0  0.0  0.0  0.0
263  0.0  0.0  0.0  0.0
264  0.0  0.0  0.0  0.0
265  0.0  0.0  0.0  0.0
266  0.0  0.0  0.0  0.0
783  0.0  0.0  0.0  0.0

[784 rows x 4 columns]
epoch 5 last  4
       0    1    2    3    4
0    0.0  0.0  0.0  0.0  0.0
515  0.0  0.0  0.0  0.0  0.0
517  0.0  0.0  0.0  0.0  0.0
518  0.0  0.0  0.0  0.0  0.0
519  0.0  0.0  0.0  0.0  0.0
520  0.0  0.0  0.0  0.0  0.0
521  0.0  0.0  0.0  0.0  0.0
522  0.0  0.0  0.0  0.0  0.0
523  0.0  0.0  0.0  0.0  0.0
524  0.0  0.0  0.0  0.0  0.0
525  0.0  0.0  0.0  0.0  0.0
526  0.0  0.0  0.0  0.0  0.0
527  0.0  0.0  0.0  0.0  0.0
528  0.0  0.0  0.0  0.0  0.0
529  0.0  0.0  0.0  0.0  0.0
530  0.0  0.0  0.0  0.0  0.0
531  0.0  0.0  0.0  0.0  0.0
532  0.0  0.0  0.0  0.0  0.0
533  0.0  0.0  0.0  0.0  0.0
534  0.0  0.0  0.0  0.0  0.0
535  0.0  0.0  0.0  0.0  0.0
536  0.0  0.0  0.0  0.0  0.0
537  0.0  0.0  0.0  0.0  0.0
516  0.0  0.0  0.0  0.0  0.0
514  0.0  0.0  0.0  0.0  0.0
1    0.0  0.0  0.0  0.0  0.0
513  0.0  0.0  0.0  0.0  0.0
492  0.0  0.0  0.0  0.0  0.0
493  0.0  0.0  0.0  0.0  0.0
494  0.0  0.0  0.0  0.0  0.0
..   ...  ...  ...  ...  ...
287  0.0  0.0  0.0  0.0  0.0
288  0.0  0.0  0.0  0.0  0.0
289  0.0  0.0  0.0  0.0  0.0
290  0.0  0.0  0.0  0.0  0.0
291  0.0  0.0  0.0  0.0  0.0
270  0.0  0.0  0.0  0.0  0.0
269  0.0  0.0  0.0  0.0  0.0
268  0.0  0.0  0.0  0.0  0.0
256  0.0  0.0  0.0  0.0  0.0
247  0.0  0.0  0.0  0.0  0.0
248  0.0  0.0  0.0  0.0  0.0
249  0.0  0.0  0.0  0.0  0.0
250  0.0  0.0  0.0  0.0  0.0
251  0.0  0.0  0.0  0.0  0.0
252  0.0  0.0  0.0  0.0  0.0
253  0.0  0.0  0.0  0.0  0.0
254  0.0  0.0  0.0  0.0  0.0
255  0.0  0.0  0.0  0.0  0.0
257  0.0  0.0  0.0  0.0  0.0
267  0.0  0.0  0.0  0.0  0.0
258  0.0  0.0  0.0  0.0  0.0
259  0.0  0.0  0.0  0.0  0.0
260  0.0  0.0  0.0  0.0  0.0
261  0.0  0.0  0.0  0.0  0.0
262  0.0  0.0  0.0  0.0  0.0
263  0.0  0.0  0.0  0.0  0.0
264  0.0  0.0  0.0  0.0  0.0
265  0.0  0.0  0.0  0.0  0.0
266  0.0  0.0  0.0  0.0  0.0
783  0.0  0.0  0.0  0.0  0.0

[784 rows x 5 columns]
epoch 6 last  5
       0    1    2    3    4    5
0    0.0  0.0  0.0  0.0  0.0  0.0
515  0.0  0.0  0.0  0.0  0.0  0.0
517  0.0  0.0  0.0  0.0  0.0  0.0
518  0.0  0.0  0.0  0.0  0.0  0.0
519  0.0  0.0  0.0  0.0  0.0  0.0
520  0.0  0.0  0.0  0.0  0.0  0.0
521  0.0  0.0  0.0  0.0  0.0  0.0
522  0.0  0.0  0.0  0.0  0.0  0.0
523  0.0  0.0  0.0  0.0  0.0  0.0
524  0.0  0.0  0.0  0.0  0.0  0.0
525  0.0  0.0  0.0  0.0  0.0  0.0
526  0.0  0.0  0.0  0.0  0.0  0.0
527  0.0  0.0  0.0  0.0  0.0  0.0
528  0.0  0.0  0.0  0.0  0.0  0.0
529  0.0  0.0  0.0  0.0  0.0  0.0
530  0.0  0.0  0.0  0.0  0.0  0.0
531  0.0  0.0  0.0  0.0  0.0  0.0
532  0.0  0.0  0.0  0.0  0.0  0.0
533  0.0  0.0  0.0  0.0  0.0  0.0
534  0.0  0.0  0.0  0.0  0.0  0.0
535  0.0  0.0  0.0  0.0  0.0  0.0
536  0.0  0.0  0.0  0.0  0.0  0.0
537  0.0  0.0  0.0  0.0  0.0  0.0
516  0.0  0.0  0.0  0.0  0.0  0.0
514  0.0  0.0  0.0  0.0  0.0  0.0
1    0.0  0.0  0.0  0.0  0.0  0.0
513  0.0  0.0  0.0  0.0  0.0  0.0
492  0.0  0.0  0.0  0.0  0.0  0.0
493  0.0  0.0  0.0  0.0  0.0  0.0
494  0.0  0.0  0.0  0.0  0.0  0.0
..   ...  ...  ...  ...  ...  ...
287  0.0  0.0  0.0  0.0  0.0  0.0
288  0.0  0.0  0.0  0.0  0.0  0.0
289  0.0  0.0  0.0  0.0  0.0  0.0
290  0.0  0.0  0.0  0.0  0.0  0.0
291  0.0  0.0  0.0  0.0  0.0  0.0
270  0.0  0.0  0.0  0.0  0.0  0.0
269  0.0  0.0  0.0  0.0  0.0  0.0
268  0.0  0.0  0.0  0.0  0.0  0.0
256  0.0  0.0  0.0  0.0  0.0  0.0
247  0.0  0.0  0.0  0.0  0.0  0.0
248  0.0  0.0  0.0  0.0  0.0  0.0
249  0.0  0.0  0.0  0.0  0.0  0.0
250  0.0  0.0  0.0  0.0  0.0  0.0
251  0.0  0.0  0.0  0.0  0.0  0.0
252  0.0  0.0  0.0  0.0  0.0  0.0
253  0.0  0.0  0.0  0.0  0.0  0.0
254  0.0  0.0  0.0  0.0  0.0  0.0
255  0.0  0.0  0.0  0.0  0.0  0.0
257  0.0  0.0  0.0  0.0  0.0  0.0
267  0.0  0.0  0.0  0.0  0.0  0.0
258  0.0  0.0  0.0  0.0  0.0  0.0
259  0.0  0.0  0.0  0.0  0.0  0.0
260  0.0  0.0  0.0  0.0  0.0  0.0
261  0.0  0.0  0.0  0.0  0.0  0.0
262  0.0  0.0  0.0  0.0  0.0  0.0
263  0.0  0.0  0.0  0.0  0.0  0.0
264  0.0  0.0  0.0  0.0  0.0  0.0
265  0.0  0.0  0.0  0.0  0.0  0.0
266  0.0  0.0  0.0  0.0  0.0  0.0
783  0.0  0.0  0.0  0.0  0.0  0.0

[784 rows x 6 columns]
epoch 7 last  6
       0    1    2    3    4    5    6
0    0.0  0.0  0.0  0.0  0.0  0.0  0.0
515  0.0  0.0  0.0  0.0  0.0  0.0  0.0
517  0.0  0.0  0.0  0.0  0.0  0.0  0.0
518  0.0  0.0  0.0  0.0  0.0  0.0  0.0
519  0.0  0.0  0.0  0.0  0.0  0.0  0.0
520  0.0  0.0  0.0  0.0  0.0  0.0  0.0
521  0.0  0.0  0.0  0.0  0.0  0.0  0.0
522  0.0  0.0  0.0  0.0  0.0  0.0  0.0
523  0.0  0.0  0.0  0.0  0.0  0.0  0.0
524  0.0  0.0  0.0  0.0  0.0  0.0  0.0
525  0.0  0.0  0.0  0.0  0.0  0.0  0.0
526  0.0  0.0  0.0  0.0  0.0  0.0  0.0
527  0.0  0.0  0.0  0.0  0.0  0.0  0.0
528  0.0  0.0  0.0  0.0  0.0  0.0  0.0
529  0.0  0.0  0.0  0.0  0.0  0.0  0.0
530  0.0  0.0  0.0  0.0  0.0  0.0  0.0
531  0.0  0.0  0.0  0.0  0.0  0.0  0.0
532  0.0  0.0  0.0  0.0  0.0  0.0  0.0
533  0.0  0.0  0.0  0.0  0.0  0.0  0.0
534  0.0  0.0  0.0  0.0  0.0  0.0  0.0
535  0.0  0.0  0.0  0.0  0.0  0.0  0.0
536  0.0  0.0  0.0  0.0  0.0  0.0  0.0
537  0.0  0.0  0.0  0.0  0.0  0.0  0.0
516  0.0  0.0  0.0  0.0  0.0  0.0  0.0
514  0.0  0.0  0.0  0.0  0.0  0.0  0.0
1    0.0  0.0  0.0  0.0  0.0  0.0  0.0
513  0.0  0.0  0.0  0.0  0.0  0.0  0.0
492  0.0  0.0  0.0  0.0  0.0  0.0  0.0
493  0.0  0.0  0.0  0.0  0.0  0.0  0.0
494  0.0  0.0  0.0  0.0  0.0  0.0  0.0
..   ...  ...  ...  ...  ...  ...  ...
287  0.0  0.0  0.0  0.0  0.0  0.0  0.0
288  0.0  0.0  0.0  0.0  0.0  0.0  0.0
289  0.0  0.0  0.0  0.0  0.0  0.0  0.0
290  0.0  0.0  0.0  0.0  0.0  0.0  0.0
291  0.0  0.0  0.0  0.0  0.0  0.0  0.0
270  0.0  0.0  0.0  0.0  0.0  0.0  0.0
269  0.0  0.0  0.0  0.0  0.0  0.0  0.0
268  0.0  0.0  0.0  0.0  0.0  0.0  0.0
256  0.0  0.0  0.0  0.0  0.0  0.0  0.0
247  0.0  0.0  0.0  0.0  0.0  0.0  0.0
248  0.0  0.0  0.0  0.0  0.0  0.0  0.0
249  0.0  0.0  0.0  0.0  0.0  0.0  0.0
250  0.0  0.0  0.0  0.0  0.0  0.0  0.0
251  0.0  0.0  0.0  0.0  0.0  0.0  0.0
252  0.0  0.0  0.0  0.0  0.0  0.0  0.0
253  0.0  0.0  0.0  0.0  0.0  0.0  0.0
254  0.0  0.0  0.0  0.0  0.0  0.0  0.0
255  0.0  0.0  0.0  0.0  0.0  0.0  0.0
257  0.0  0.0  0.0  0.0  0.0  0.0  0.0
267  0.0  0.0  0.0  0.0  0.0  0.0  0.0
258  0.0  0.0  0.0  0.0  0.0  0.0  0.0
259  0.0  0.0  0.0  0.0  0.0  0.0  0.0
260  0.0  0.0  0.0  0.0  0.0  0.0  0.0
261  0.0  0.0  0.0  0.0  0.0  0.0  0.0
262  0.0  0.0  0.0  0.0  0.0  0.0  0.0
263  0.0  0.0  0.0  0.0  0.0  0.0  0.0
264  0.0  0.0  0.0  0.0  0.0  0.0  0.0
265  0.0  0.0  0.0  0.0  0.0  0.0  0.0
266  0.0  0.0  0.0  0.0  0.0  0.0  0.0
783  0.0  0.0  0.0  0.0  0.0  0.0  0.0

[784 rows x 7 columns]
epoch 8 last  7
       0    1    2    3    4    5    6    7
0    0.0  0.0  0.0  0.0  0.0  0.0  0.0  0.0
515  0.0  0.0  0.0  0.0  0.0  0.0  0.0  0.0
517  0.0  0.0  0.0  0.0  0.0  0.0  0.0  0.0
518  0.0  0.0  0.0  0.0  0.0  0.0  0.0  0.0
519  0.0  0.0  0.0  0.0  0.0  0.0  0.0  0.0
520  0.0  0.0  0.0  0.0  0.0  0.0  0.0  0.0
521  0.0  0.0  0.0  0.0  0.0  0.0  0.0  0.0
522  0.0  0.0  0.0  0.0  0.0  0.0  0.0  0.0
523  0.0  0.0  0.0  0.0  0.0  0.0  0.0  0.0
524  0.0  0.0  0.0  0.0  0.0  0.0  0.0  0.0
525  0.0  0.0  0.0  0.0  0.0  0.0  0.0  0.0
526  0.0  0.0  0.0  0.0  0.0  0.0  0.0  0.0
527  0.0  0.0  0.0  0.0  0.0  0.0  0.0  0.0
528  0.0  0.0  0.0  0.0  0.0  0.0  0.0  0.0
529  0.0  0.0  0.0  0.0  0.0  0.0  0.0  0.0
530  0.0  0.0  0.0  0.0  0.0  0.0  0.0  0.0
531  0.0  0.0  0.0  0.0  0.0  0.0  0.0  0.0
532  0.0  0.0  0.0  0.0  0.0  0.0  0.0  0.0
533  0.0  0.0  0.0  0.0  0.0  0.0  0.0  0.0
534  0.0  0.0  0.0  0.0  0.0  0.0  0.0  0.0
535  0.0  0.0  0.0  0.0  0.0  0.0  0.0  0.0
536  0.0  0.0  0.0  0.0  0.0  0.0  0.0  0.0
537  0.0  0.0  0.0  0.0  0.0  0.0  0.0  0.0
516  0.0  0.0  0.0  0.0  0.0  0.0  0.0  0.0
514  0.0  0.0  0.0  0.0  0.0  0.0  0.0  0.0
1    0.0  0.0  0.0  0.0  0.0  0.0  0.0  0.0
513  0.0  0.0  0.0  0.0  0.0  0.0  0.0  0.0
492  0.0  0.0  0.0  0.0  0.0  0.0  0.0  0.0
493  0.0  0.0  0.0  0.0  0.0  0.0  0.0  0.0
494  0.0  0.0  0.0  0.0  0.0  0.0  0.0  0.0
..   ...  ...  ...  ...  ...  ...  ...  ...
287  0.0  0.0  0.0  0.0  0.0  0.0  0.0  0.0
288  0.0  0.0  0.0  0.0  0.0  0.0  0.0  0.0
289  0.0  0.0  0.0  0.0  0.0  0.0  0.0  0.0
290  0.0  0.0  0.0  0.0  0.0  0.0  0.0  0.0
291  0.0  0.0  0.0  0.0  0.0  0.0  0.0  0.0
270  0.0  0.0  0.0  0.0  0.0  0.0  0.0  0.0
269  0.0  0.0  0.0  0.0  0.0  0.0  0.0  0.0
268  0.0  0.0  0.0  0.0  0.0  0.0  0.0  0.0
256  0.0  0.0  0.0  0.0  0.0  0.0  0.0  0.0
247  0.0  0.0  0.0  0.0  0.0  0.0  0.0  0.0
248  0.0  0.0  0.0  0.0  0.0  0.0  0.0  0.0
249  0.0  0.0  0.0  0.0  0.0  0.0  0.0  0.0
250  0.0  0.0  0.0  0.0  0.0  0.0  0.0  0.0
251  0.0  0.0  0.0  0.0  0.0  0.0  0.0  0.0
252  0.0  0.0  0.0  0.0  0.0  0.0  0.0  0.0
253  0.0  0.0  0.0  0.0  0.0  0.0  0.0  0.0
254  0.0  0.0  0.0  0.0  0.0  0.0  0.0  0.0
255  0.0  0.0  0.0  0.0  0.0  0.0  0.0  0.0
257  0.0  0.0  0.0  0.0  0.0  0.0  0.0  0.0
267  0.0  0.0  0.0  0.0  0.0  0.0  0.0  0.0
258  0.0  0.0  0.0  0.0  0.0  0.0  0.0  0.0
259  0.0  0.0  0.0  0.0  0.0  0.0  0.0  0.0
260  0.0  0.0  0.0  0.0  0.0  0.0  0.0  0.0
261  0.0  0.0  0.0  0.0  0.0  0.0  0.0  0.0
262  0.0  0.0  0.0  0.0  0.0  0.0  0.0  0.0
263  0.0  0.0  0.0  0.0  0.0  0.0  0.0  0.0
264  0.0  0.0  0.0  0.0  0.0  0.0  0.0  0.0
265  0.0  0.0  0.0  0.0  0.0  0.0  0.0  0.0
266  0.0  0.0  0.0  0.0  0.0  0.0  0.0  0.0
783  0.0  0.0  0.0  0.0  0.0  0.0  0.0  0.0

[784 rows x 8 columns]
epoch 9 last  8
       0    1    2    3    4    5    6    7    8
0    0.0  0.0  0.0  0.0  0.0  0.0  0.0  0.0  0.0
515  0.0  0.0  0.0  0.0  0.0  0.0  0.0  0.0  0.0
517  0.0  0.0  0.0  0.0  0.0  0.0  0.0  0.0  0.0
518  0.0  0.0  0.0  0.0  0.0  0.0  0.0  0.0  0.0
519  0.0  0.0  0.0  0.0  0.0  0.0  0.0  0.0  0.0
520  0.0  0.0  0.0  0.0  0.0  0.0  0.0  0.0  0.0
521  0.0  0.0  0.0  0.0  0.0  0.0  0.0  0.0  0.0
522  0.0  0.0  0.0  0.0  0.0  0.0  0.0  0.0  0.0
523  0.0  0.0  0.0  0.0  0.0  0.0  0.0  0.0  0.0
524  0.0  0.0  0.0  0.0  0.0  0.0  0.0  0.0  0.0
525  0.0  0.0  0.0  0.0  0.0  0.0  0.0  0.0  0.0
526  0.0  0.0  0.0  0.0  0.0  0.0  0.0  0.0  0.0
527  0.0  0.0  0.0  0.0  0.0  0.0  0.0  0.0  0.0
528  0.0  0.0  0.0  0.0  0.0  0.0  0.0  0.0  0.0
529  0.0  0.0  0.0  0.0  0.0  0.0  0.0  0.0  0.0
530  0.0  0.0  0.0  0.0  0.0  0.0  0.0  0.0  0.0
531  0.0  0.0  0.0  0.0  0.0  0.0  0.0  0.0  0.0
532  0.0  0.0  0.0  0.0  0.0  0.0  0.0  0.0  0.0
533  0.0  0.0  0.0  0.0  0.0  0.0  0.0  0.0  0.0
534  0.0  0.0  0.0  0.0  0.0  0.0  0.0  0.0  0.0
535  0.0  0.0  0.0  0.0  0.0  0.0  0.0  0.0  0.0
536  0.0  0.0  0.0  0.0  0.0  0.0  0.0  0.0  0.0
537  0.0  0.0  0.0  0.0  0.0  0.0  0.0  0.0  0.0
516  0.0  0.0  0.0  0.0  0.0  0.0  0.0  0.0  0.0
514  0.0  0.0  0.0  0.0  0.0  0.0  0.0  0.0  0.0
1    0.0  0.0  0.0  0.0  0.0  0.0  0.0  0.0  0.0
513  0.0  0.0  0.0  0.0  0.0  0.0  0.0  0.0  0.0
492  0.0  0.0  0.0  0.0  0.0  0.0  0.0  0.0  0.0
493  0.0  0.0  0.0  0.0  0.0  0.0  0.0  0.0  0.0
494  0.0  0.0  0.0  0.0  0.0  0.0  0.0  0.0  0.0
..   ...  ...  ...  ...  ...  ...  ...  ...  ...
287  0.0  0.0  0.0  0.0  0.0  0.0  0.0  0.0  0.0
288  0.0  0.0  0.0  0.0  0.0  0.0  0.0  0.0  0.0
289  0.0  0.0  0.0  0.0  0.0  0.0  0.0  0.0  0.0
290  0.0  0.0  0.0  0.0  0.0  0.0  0.0  0.0  0.0
291  0.0  0.0  0.0  0.0  0.0  0.0  0.0  0.0  0.0
270  0.0  0.0  0.0  0.0  0.0  0.0  0.0  0.0  0.0
269  0.0  0.0  0.0  0.0  0.0  0.0  0.0  0.0  0.0
268  0.0  0.0  0.0  0.0  0.0  0.0  0.0  0.0  0.0
256  0.0  0.0  0.0  0.0  0.0  0.0  0.0  0.0  0.0
247  0.0  0.0  0.0  0.0  0.0  0.0  0.0  0.0  0.0
248  0.0  0.0  0.0  0.0  0.0  0.0  0.0  0.0  0.0
249  0.0  0.0  0.0  0.0  0.0  0.0  0.0  0.0  0.0
250  0.0  0.0  0.0  0.0  0.0  0.0  0.0  0.0  0.0
251  0.0  0.0  0.0  0.0  0.0  0.0  0.0  0.0  0.0
252  0.0  0.0  0.0  0.0  0.0  0.0  0.0  0.0  0.0
253  0.0  0.0  0.0  0.0  0.0  0.0  0.0  0.0  0.0
254  0.0  0.0  0.0  0.0  0.0  0.0  0.0  0.0  0.0
255  0.0  0.0  0.0  0.0  0.0  0.0  0.0  0.0  0.0
257  0.0  0.0  0.0  0.0  0.0  0.0  0.0  0.0  0.0
267  0.0  0.0  0.0  0.0  0.0  0.0  0.0  0.0  0.0
258  0.0  0.0  0.0  0.0  0.0  0.0  0.0  0.0  0.0
259  0.0  0.0  0.0  0.0  0.0  0.0  0.0  0.0  0.0
260  0.0  0.0  0.0  0.0  0.0  0.0  0.0  0.0  0.0
261  0.0  0.0  0.0  0.0  0.0  0.0  0.0  0.0  0.0
262  0.0  0.0  0.0  0.0  0.0  0.0  0.0  0.0  0.0
263  0.0  0.0  0.0  0.0  0.0  0.0  0.0  0.0  0.0
264  0.0  0.0  0.0  0.0  0.0  0.0  0.0  0.0  0.0
265  0.0  0.0  0.0  0.0  0.0  0.0  0.0  0.0  0.0
266  0.0  0.0  0.0  0.0  0.0  0.0  0.0  0.0  0.0
783  0.0  0.0  0.0  0.0  0.0  0.0  0.0  0.0  0.0

[784 rows x 9 columns]
epoch 10 last  9
       0    1    2    3    4    5    6    7    8    9
0    0.0  0.0  0.0  0.0  0.0  0.0  0.0  0.0  0.0  0.0
515  0.0  0.0  0.0  0.0  0.0  0.0  0.0  0.0  0.0  0.0
517  0.0  0.0  0.0  0.0  0.0  0.0  0.0  0.0  0.0  0.0
518  0.0  0.0  0.0  0.0  0.0  0.0  0.0  0.0  0.0  0.0
519  0.0  0.0  0.0  0.0  0.0  0.0  0.0  0.0  0.0  0.0
520  0.0  0.0  0.0  0.0  0.0  0.0  0.0  0.0  0.0  0.0
521  0.0  0.0  0.0  0.0  0.0  0.0  0.0  0.0  0.0  0.0
522  0.0  0.0  0.0  0.0  0.0  0.0  0.0  0.0  0.0  0.0
523  0.0  0.0  0.0  0.0  0.0  0.0  0.0  0.0  0.0  0.0
524  0.0  0.0  0.0  0.0  0.0  0.0  0.0  0.0  0.0  0.0
525  0.0  0.0  0.0  0.0  0.0  0.0  0.0  0.0  0.0  0.0
526  0.0  0.0  0.0  0.0  0.0  0.0  0.0  0.0  0.0  0.0
527  0.0  0.0  0.0  0.0  0.0  0.0  0.0  0.0  0.0  0.0
528  0.0  0.0  0.0  0.0  0.0  0.0  0.0  0.0  0.0  0.0
529  0.0  0.0  0.0  0.0  0.0  0.0  0.0  0.0  0.0  0.0
530  0.0  0.0  0.0  0.0  0.0  0.0  0.0  0.0  0.0  0.0
531  0.0  0.0  0.0  0.0  0.0  0.0  0.0  0.0  0.0  0.0
532  0.0  0.0  0.0  0.0  0.0  0.0  0.0  0.0  0.0  0.0
533  0.0  0.0  0.0  0.0  0.0  0.0  0.0  0.0  0.0  0.0
534  0.0  0.0  0.0  0.0  0.0  0.0  0.0  0.0  0.0  0.0
535  0.0  0.0  0.0  0.0  0.0  0.0  0.0  0.0  0.0  0.0
536  0.0  0.0  0.0  0.0  0.0  0.0  0.0  0.0  0.0  0.0
537  0.0  0.0  0.0  0.0  0.0  0.0  0.0  0.0  0.0  0.0
516  0.0  0.0  0.0  0.0  0.0  0.0  0.0  0.0  0.0  0.0
514  0.0  0.0  0.0  0.0  0.0  0.0  0.0  0.0  0.0  0.0
1    0.0  0.0  0.0  0.0  0.0  0.0  0.0  0.0  0.0  0.0
513  0.0  0.0  0.0  0.0  0.0  0.0  0.0  0.0  0.0  0.0
492  0.0  0.0  0.0  0.0  0.0  0.0  0.0  0.0  0.0  0.0
493  0.0  0.0  0.0  0.0  0.0  0.0  0.0  0.0  0.0  0.0
494  0.0  0.0  0.0  0.0  0.0  0.0  0.0  0.0  0.0  0.0
..   ...  ...  ...  ...  ...  ...  ...  ...  ...  ...
287  0.0  0.0  0.0  0.0  0.0  0.0  0.0  0.0  0.0  0.0
288  0.0  0.0  0.0  0.0  0.0  0.0  0.0  0.0  0.0  0.0
289  0.0  0.0  0.0  0.0  0.0  0.0  0.0  0.0  0.0  0.0
290  0.0  0.0  0.0  0.0  0.0  0.0  0.0  0.0  0.0  0.0
291  0.0  0.0  0.0  0.0  0.0  0.0  0.0  0.0  0.0  0.0
270  0.0  0.0  0.0  0.0  0.0  0.0  0.0  0.0  0.0  0.0
269  0.0  0.0  0.0  0.0  0.0  0.0  0.0  0.0  0.0  0.0
268  0.0  0.0  0.0  0.0  0.0  0.0  0.0  0.0  0.0  0.0
256  0.0  0.0  0.0  0.0  0.0  0.0  0.0  0.0  0.0  0.0
247  0.0  0.0  0.0  0.0  0.0  0.0  0.0  0.0  0.0  0.0
248  0.0  0.0  0.0  0.0  0.0  0.0  0.0  0.0  0.0  0.0
249  0.0  0.0  0.0  0.0  0.0  0.0  0.0  0.0  0.0  0.0
250  0.0  0.0  0.0  0.0  0.0  0.0  0.0  0.0  0.0  0.0
251  0.0  0.0  0.0  0.0  0.0  0.0  0.0  0.0  0.0  0.0
252  0.0  0.0  0.0  0.0  0.0  0.0  0.0  0.0  0.0  0.0
253  0.0  0.0  0.0  0.0  0.0  0.0  0.0  0.0  0.0  0.0
254  0.0  0.0  0.0  0.0  0.0  0.0  0.0  0.0  0.0  0.0
255  0.0  0.0  0.0  0.0  0.0  0.0  0.0  0.0  0.0  0.0
257  0.0  0.0  0.0  0.0  0.0  0.0  0.0  0.0  0.0  0.0
267  0.0  0.0  0.0  0.0  0.0  0.0  0.0  0.0  0.0  0.0
258  0.0  0.0  0.0  0.0  0.0  0.0  0.0  0.0  0.0  0.0
259  0.0  0.0  0.0  0.0  0.0  0.0  0.0  0.0  0.0  0.0
260  0.0  0.0  0.0  0.0  0.0  0.0  0.0  0.0  0.0  0.0
261  0.0  0.0  0.0  0.0  0.0  0.0  0.0  0.0  0.0  0.0
262  0.0  0.0  0.0  0.0  0.0  0.0  0.0  0.0  0.0  0.0
263  0.0  0.0  0.0  0.0  0.0  0.0  0.0  0.0  0.0  0.0
264  0.0  0.0  0.0  0.0  0.0  0.0  0.0  0.0  0.0  0.0
265  0.0  0.0  0.0  0.0  0.0  0.0  0.0  0.0  0.0  0.0
266  0.0  0.0  0.0  0.0  0.0  0.0  0.0  0.0  0.0  0.0
783  0.0  0.0  0.0  0.0  0.0  0.0  0.0  0.0  0.0  0.0

[784 rows x 10 columns]
epoch 11 last  10
       0    1    2    3    4    5    6    7    8    9   10
0    0.0  0.0  0.0  0.0  0.0  0.0  0.0  0.0  0.0  0.0  0.0
515  0.0  0.0  0.0  0.0  0.0  0.0  0.0  0.0  0.0  0.0  0.0
517  0.0  0.0  0.0  0.0  0.0  0.0  0.0  0.0  0.0  0.0  0.0
518  0.0  0.0  0.0  0.0  0.0  0.0  0.0  0.0  0.0  0.0  0.0
519  0.0  0.0  0.0  0.0  0.0  0.0  0.0  0.0  0.0  0.0  0.0
520  0.0  0.0  0.0  0.0  0.0  0.0  0.0  0.0  0.0  0.0  0.0
521  0.0  0.0  0.0  0.0  0.0  0.0  0.0  0.0  0.0  0.0  0.0
522  0.0  0.0  0.0  0.0  0.0  0.0  0.0  0.0  0.0  0.0  0.0
523  0.0  0.0  0.0  0.0  0.0  0.0  0.0  0.0  0.0  0.0  0.0
524  0.0  0.0  0.0  0.0  0.0  0.0  0.0  0.0  0.0  0.0  0.0
525  0.0  0.0  0.0  0.0  0.0  0.0  0.0  0.0  0.0  0.0  0.0
526  0.0  0.0  0.0  0.0  0.0  0.0  0.0  0.0  0.0  0.0  0.0
527  0.0  0.0  0.0  0.0  0.0  0.0  0.0  0.0  0.0  0.0  0.0
528  0.0  0.0  0.0  0.0  0.0  0.0  0.0  0.0  0.0  0.0  0.0
529  0.0  0.0  0.0  0.0  0.0  0.0  0.0  0.0  0.0  0.0  0.0
530  0.0  0.0  0.0  0.0  0.0  0.0  0.0  0.0  0.0  0.0  0.0
531  0.0  0.0  0.0  0.0  0.0  0.0  0.0  0.0  0.0  0.0  0.0
532  0.0  0.0  0.0  0.0  0.0  0.0  0.0  0.0  0.0  0.0  0.0
533  0.0  0.0  0.0  0.0  0.0  0.0  0.0  0.0  0.0  0.0  0.0
534  0.0  0.0  0.0  0.0  0.0  0.0  0.0  0.0  0.0  0.0  0.0
535  0.0  0.0  0.0  0.0  0.0  0.0  0.0  0.0  0.0  0.0  0.0
536  0.0  0.0  0.0  0.0  0.0  0.0  0.0  0.0  0.0  0.0  0.0
537  0.0  0.0  0.0  0.0  0.0  0.0  0.0  0.0  0.0  0.0  0.0
516  0.0  0.0  0.0  0.0  0.0  0.0  0.0  0.0  0.0  0.0  0.0
514  0.0  0.0  0.0  0.0  0.0  0.0  0.0  0.0  0.0  0.0  0.0
1    0.0  0.0  0.0  0.0  0.0  0.0  0.0  0.0  0.0  0.0  0.0
513  0.0  0.0  0.0  0.0  0.0  0.0  0.0  0.0  0.0  0.0  0.0
492  0.0  0.0  0.0  0.0  0.0  0.0  0.0  0.0  0.0  0.0  0.0
493  0.0  0.0  0.0  0.0  0.0  0.0  0.0  0.0  0.0  0.0  0.0
494  0.0  0.0  0.0  0.0  0.0  0.0  0.0  0.0  0.0  0.0  0.0
..   ...  ...  ...  ...  ...  ...  ...  ...  ...  ...  ...
287  0.0  0.0  0.0  0.0  0.0  0.0  0.0  0.0  0.0  0.0  0.0
288  0.0  0.0  0.0  0.0  0.0  0.0  0.0  0.0  0.0  0.0  0.0
289  0.0  0.0  0.0  0.0  0.0  0.0  0.0  0.0  0.0  0.0  0.0
290  0.0  0.0  0.0  0.0  0.0  0.0  0.0  0.0  0.0  0.0  0.0
291  0.0  0.0  0.0  0.0  0.0  0.0  0.0  0.0  0.0  0.0  0.0
270  0.0  0.0  0.0  0.0  0.0  0.0  0.0  0.0  0.0  0.0  0.0
269  0.0  0.0  0.0  0.0  0.0  0.0  0.0  0.0  0.0  0.0  0.0
268  0.0  0.0  0.0  0.0  0.0  0.0  0.0  0.0  0.0  0.0  0.0
256  0.0  0.0  0.0  0.0  0.0  0.0  0.0  0.0  0.0  0.0  0.0
247  0.0  0.0  0.0  0.0  0.0  0.0  0.0  0.0  0.0  0.0  0.0
248  0.0  0.0  0.0  0.0  0.0  0.0  0.0  0.0  0.0  0.0  0.0
249  0.0  0.0  0.0  0.0  0.0  0.0  0.0  0.0  0.0  0.0  0.0
250  0.0  0.0  0.0  0.0  0.0  0.0  0.0  0.0  0.0  0.0  0.0
251  0.0  0.0  0.0  0.0  0.0  0.0  0.0  0.0  0.0  0.0  0.0
252  0.0  0.0  0.0  0.0  0.0  0.0  0.0  0.0  0.0  0.0  0.0
253  0.0  0.0  0.0  0.0  0.0  0.0  0.0  0.0  0.0  0.0  0.0
254  0.0  0.0  0.0  0.0  0.0  0.0  0.0  0.0  0.0  0.0  0.0
255  0.0  0.0  0.0  0.0  0.0  0.0  0.0  0.0  0.0  0.0  0.0
257  0.0  0.0  0.0  0.0  0.0  0.0  0.0  0.0  0.0  0.0  0.0
267  0.0  0.0  0.0  0.0  0.0  0.0  0.0  0.0  0.0  0.0  0.0
258  0.0  0.0  0.0  0.0  0.0  0.0  0.0  0.0  0.0  0.0  0.0
259  0.0  0.0  0.0  0.0  0.0  0.0  0.0  0.0  0.0  0.0  0.0
260  0.0  0.0  0.0  0.0  0.0  0.0  0.0  0.0  0.0  0.0  0.0
261  0.0  0.0  0.0  0.0  0.0  0.0  0.0  0.0  0.0  0.0  0.0
262  0.0  0.0  0.0  0.0  0.0  0.0  0.0  0.0  0.0  0.0  0.0
263  0.0  0.0  0.0  0.0  0.0  0.0  0.0  0.0  0.0  0.0  0.0
264  0.0  0.0  0.0  0.0  0.0  0.0  0.0  0.0  0.0  0.0  0.0
265  0.0  0.0  0.0  0.0  0.0  0.0  0.0  0.0  0.0  0.0  0.0
266  0.0  0.0  0.0  0.0  0.0  0.0  0.0  0.0  0.0  0.0  0.0
783  0.0  0.0  0.0  0.0  0.0  0.0  0.0  0.0  0.0  0.0  0.0

[784 rows x 11 columns]
epoch 12 last  11
       0    1    2    3    4    5    6    7    8    9   10   11
0    0.0  0.0  0.0  0.0  0.0  0.0  0.0  0.0  0.0  0.0  0.0  0.0
515  0.0  0.0  0.0  0.0  0.0  0.0  0.0  0.0  0.0  0.0  0.0  0.0
517  0.0  0.0  0.0  0.0  0.0  0.0  0.0  0.0  0.0  0.0  0.0  0.0
518  0.0  0.0  0.0  0.0  0.0  0.0  0.0  0.0  0.0  0.0  0.0  0.0
519  0.0  0.0  0.0  0.0  0.0  0.0  0.0  0.0  0.0  0.0  0.0  0.0
520  0.0  0.0  0.0  0.0  0.0  0.0  0.0  0.0  0.0  0.0  0.0  0.0
521  0.0  0.0  0.0  0.0  0.0  0.0  0.0  0.0  0.0  0.0  0.0  0.0
522  0.0  0.0  0.0  0.0  0.0  0.0  0.0  0.0  0.0  0.0  0.0  0.0
523  0.0  0.0  0.0  0.0  0.0  0.0  0.0  0.0  0.0  0.0  0.0  0.0
524  0.0  0.0  0.0  0.0  0.0  0.0  0.0  0.0  0.0  0.0  0.0  0.0
525  0.0  0.0  0.0  0.0  0.0  0.0  0.0  0.0  0.0  0.0  0.0  0.0
526  0.0  0.0  0.0  0.0  0.0  0.0  0.0  0.0  0.0  0.0  0.0  0.0
527  0.0  0.0  0.0  0.0  0.0  0.0  0.0  0.0  0.0  0.0  0.0  0.0
528  0.0  0.0  0.0  0.0  0.0  0.0  0.0  0.0  0.0  0.0  0.0  0.0
529  0.0  0.0  0.0  0.0  0.0  0.0  0.0  0.0  0.0  0.0  0.0  0.0
530  0.0  0.0  0.0  0.0  0.0  0.0  0.0  0.0  0.0  0.0  0.0  0.0
531  0.0  0.0  0.0  0.0  0.0  0.0  0.0  0.0  0.0  0.0  0.0  0.0
532  0.0  0.0  0.0  0.0  0.0  0.0  0.0  0.0  0.0  0.0  0.0  0.0
533  0.0  0.0  0.0  0.0  0.0  0.0  0.0  0.0  0.0  0.0  0.0  0.0
534  0.0  0.0  0.0  0.0  0.0  0.0  0.0  0.0  0.0  0.0  0.0  0.0
535  0.0  0.0  0.0  0.0  0.0  0.0  0.0  0.0  0.0  0.0  0.0  0.0
536  0.0  0.0  0.0  0.0  0.0  0.0  0.0  0.0  0.0  0.0  0.0  0.0
537  0.0  0.0  0.0  0.0  0.0  0.0  0.0  0.0  0.0  0.0  0.0  0.0
516  0.0  0.0  0.0  0.0  0.0  0.0  0.0  0.0  0.0  0.0  0.0  0.0
514  0.0  0.0  0.0  0.0  0.0  0.0  0.0  0.0  0.0  0.0  0.0  0.0
1    0.0  0.0  0.0  0.0  0.0  0.0  0.0  0.0  0.0  0.0  0.0  0.0
513  0.0  0.0  0.0  0.0  0.0  0.0  0.0  0.0  0.0  0.0  0.0  0.0
492  0.0  0.0  0.0  0.0  0.0  0.0  0.0  0.0  0.0  0.0  0.0  0.0
493  0.0  0.0  0.0  0.0  0.0  0.0  0.0  0.0  0.0  0.0  0.0  0.0
494  0.0  0.0  0.0  0.0  0.0  0.0  0.0  0.0  0.0  0.0  0.0  0.0
..   ...  ...  ...  ...  ...  ...  ...  ...  ...  ...  ...  ...
287  0.0  0.0  0.0  0.0  0.0  0.0  0.0  0.0  0.0  0.0  0.0  0.0
288  0.0  0.0  0.0  0.0  0.0  0.0  0.0  0.0  0.0  0.0  0.0  0.0
289  0.0  0.0  0.0  0.0  0.0  0.0  0.0  0.0  0.0  0.0  0.0  0.0
290  0.0  0.0  0.0  0.0  0.0  0.0  0.0  0.0  0.0  0.0  0.0  0.0
291  0.0  0.0  0.0  0.0  0.0  0.0  0.0  0.0  0.0  0.0  0.0  0.0
270  0.0  0.0  0.0  0.0  0.0  0.0  0.0  0.0  0.0  0.0  0.0  0.0
269  0.0  0.0  0.0  0.0  0.0  0.0  0.0  0.0  0.0  0.0  0.0  0.0
268  0.0  0.0  0.0  0.0  0.0  0.0  0.0  0.0  0.0  0.0  0.0  0.0
256  0.0  0.0  0.0  0.0  0.0  0.0  0.0  0.0  0.0  0.0  0.0  0.0
247  0.0  0.0  0.0  0.0  0.0  0.0  0.0  0.0  0.0  0.0  0.0  0.0
248  0.0  0.0  0.0  0.0  0.0  0.0  0.0  0.0  0.0  0.0  0.0  0.0
249  0.0  0.0  0.0  0.0  0.0  0.0  0.0  0.0  0.0  0.0  0.0  0.0
250  0.0  0.0  0.0  0.0  0.0  0.0  0.0  0.0  0.0  0.0  0.0  0.0
251  0.0  0.0  0.0  0.0  0.0  0.0  0.0  0.0  0.0  0.0  0.0  0.0
252  0.0  0.0  0.0  0.0  0.0  0.0  0.0  0.0  0.0  0.0  0.0  0.0
253  0.0  0.0  0.0  0.0  0.0  0.0  0.0  0.0  0.0  0.0  0.0  0.0
254  0.0  0.0  0.0  0.0  0.0  0.0  0.0  0.0  0.0  0.0  0.0  0.0
255  0.0  0.0  0.0  0.0  0.0  0.0  0.0  0.0  0.0  0.0  0.0  0.0
257  0.0  0.0  0.0  0.0  0.0  0.0  0.0  0.0  0.0  0.0  0.0  0.0
267  0.0  0.0  0.0  0.0  0.0  0.0  0.0  0.0  0.0  0.0  0.0  0.0
258  0.0  0.0  0.0  0.0  0.0  0.0  0.0  0.0  0.0  0.0  0.0  0.0
259  0.0  0.0  0.0  0.0  0.0  0.0  0.0  0.0  0.0  0.0  0.0  0.0
260  0.0  0.0  0.0  0.0  0.0  0.0  0.0  0.0  0.0  0.0  0.0  0.0
261  0.0  0.0  0.0  0.0  0.0  0.0  0.0  0.0  0.0  0.0  0.0  0.0
262  0.0  0.0  0.0  0.0  0.0  0.0  0.0  0.0  0.0  0.0  0.0  0.0
263  0.0  0.0  0.0  0.0  0.0  0.0  0.0  0.0  0.0  0.0  0.0  0.0
264  0.0  0.0  0.0  0.0  0.0  0.0  0.0  0.0  0.0  0.0  0.0  0.0
265  0.0  0.0  0.0  0.0  0.0  0.0  0.0  0.0  0.0  0.0  0.0  0.0
266  0.0  0.0  0.0  0.0  0.0  0.0  0.0  0.0  0.0  0.0  0.0  0.0
783  0.0  0.0  0.0  0.0  0.0  0.0  0.0  0.0  0.0  0.0  0.0  0.0

[784 rows x 12 columns]
epoch 13 last  12
       0    1    2    3    4    5    6    7    8    9   10   11   12
0    0.0  0.0  0.0  0.0  0.0  0.0  0.0  0.0  0.0  0.0  0.0  0.0  0.0
515  0.0  0.0  0.0  0.0  0.0  0.0  0.0  0.0  0.0  0.0  0.0  0.0  0.0
517  0.0  0.0  0.0  0.0  0.0  0.0  0.0  0.0  0.0  0.0  0.0  0.0  0.0
518  0.0  0.0  0.0  0.0  0.0  0.0  0.0  0.0  0.0  0.0  0.0  0.0  0.0
519  0.0  0.0  0.0  0.0  0.0  0.0  0.0  0.0  0.0  0.0  0.0  0.0  0.0
520  0.0  0.0  0.0  0.0  0.0  0.0  0.0  0.0  0.0  0.0  0.0  0.0  0.0
521  0.0  0.0  0.0  0.0  0.0  0.0  0.0  0.0  0.0  0.0  0.0  0.0  0.0
522  0.0  0.0  0.0  0.0  0.0  0.0  0.0  0.0  0.0  0.0  0.0  0.0  0.0
523  0.0  0.0  0.0  0.0  0.0  0.0  0.0  0.0  0.0  0.0  0.0  0.0  0.0
524  0.0  0.0  0.0  0.0  0.0  0.0  0.0  0.0  0.0  0.0  0.0  0.0  0.0
525  0.0  0.0  0.0  0.0  0.0  0.0  0.0  0.0  0.0  0.0  0.0  0.0  0.0
526  0.0  0.0  0.0  0.0  0.0  0.0  0.0  0.0  0.0  0.0  0.0  0.0  0.0
527  0.0  0.0  0.0  0.0  0.0  0.0  0.0  0.0  0.0  0.0  0.0  0.0  0.0
528  0.0  0.0  0.0  0.0  0.0  0.0  0.0  0.0  0.0  0.0  0.0  0.0  0.0
529  0.0  0.0  0.0  0.0  0.0  0.0  0.0  0.0  0.0  0.0  0.0  0.0  0.0
530  0.0  0.0  0.0  0.0  0.0  0.0  0.0  0.0  0.0  0.0  0.0  0.0  0.0
531  0.0  0.0  0.0  0.0  0.0  0.0  0.0  0.0  0.0  0.0  0.0  0.0  0.0
532  0.0  0.0  0.0  0.0  0.0  0.0  0.0  0.0  0.0  0.0  0.0  0.0  0.0
533  0.0  0.0  0.0  0.0  0.0  0.0  0.0  0.0  0.0  0.0  0.0  0.0  0.0
534  0.0  0.0  0.0  0.0  0.0  0.0  0.0  0.0  0.0  0.0  0.0  0.0  0.0
535  0.0  0.0  0.0  0.0  0.0  0.0  0.0  0.0  0.0  0.0  0.0  0.0  0.0
536  0.0  0.0  0.0  0.0  0.0  0.0  0.0  0.0  0.0  0.0  0.0  0.0  0.0
537  0.0  0.0  0.0  0.0  0.0  0.0  0.0  0.0  0.0  0.0  0.0  0.0  0.0
516  0.0  0.0  0.0  0.0  0.0  0.0  0.0  0.0  0.0  0.0  0.0  0.0  0.0
514  0.0  0.0  0.0  0.0  0.0  0.0  0.0  0.0  0.0  0.0  0.0  0.0  0.0
1    0.0  0.0  0.0  0.0  0.0  0.0  0.0  0.0  0.0  0.0  0.0  0.0  0.0
513  0.0  0.0  0.0  0.0  0.0  0.0  0.0  0.0  0.0  0.0  0.0  0.0  0.0
492  0.0  0.0  0.0  0.0  0.0  0.0  0.0  0.0  0.0  0.0  0.0  0.0  0.0
493  0.0  0.0  0.0  0.0  0.0  0.0  0.0  0.0  0.0  0.0  0.0  0.0  0.0
494  0.0  0.0  0.0  0.0  0.0  0.0  0.0  0.0  0.0  0.0  0.0  0.0  0.0
..   ...  ...  ...  ...  ...  ...  ...  ...  ...  ...  ...  ...  ...
287  0.0  0.0  0.0  0.0  0.0  0.0  0.0  0.0  0.0  0.0  0.0  0.0  0.0
288  0.0  0.0  0.0  0.0  0.0  0.0  0.0  0.0  0.0  0.0  0.0  0.0  0.0
289  0.0  0.0  0.0  0.0  0.0  0.0  0.0  0.0  0.0  0.0  0.0  0.0  0.0
290  0.0  0.0  0.0  0.0  0.0  0.0  0.0  0.0  0.0  0.0  0.0  0.0  0.0
291  0.0  0.0  0.0  0.0  0.0  0.0  0.0  0.0  0.0  0.0  0.0  0.0  0.0
270  0.0  0.0  0.0  0.0  0.0  0.0  0.0  0.0  0.0  0.0  0.0  0.0  0.0
269  0.0  0.0  0.0  0.0  0.0  0.0  0.0  0.0  0.0  0.0  0.0  0.0  0.0
268  0.0  0.0  0.0  0.0  0.0  0.0  0.0  0.0  0.0  0.0  0.0  0.0  0.0
256  0.0  0.0  0.0  0.0  0.0  0.0  0.0  0.0  0.0  0.0  0.0  0.0  0.0
247  0.0  0.0  0.0  0.0  0.0  0.0  0.0  0.0  0.0  0.0  0.0  0.0  0.0
248  0.0  0.0  0.0  0.0  0.0  0.0  0.0  0.0  0.0  0.0  0.0  0.0  0.0
249  0.0  0.0  0.0  0.0  0.0  0.0  0.0  0.0  0.0  0.0  0.0  0.0  0.0
250  0.0  0.0  0.0  0.0  0.0  0.0  0.0  0.0  0.0  0.0  0.0  0.0  0.0
251  0.0  0.0  0.0  0.0  0.0  0.0  0.0  0.0  0.0  0.0  0.0  0.0  0.0
252  0.0  0.0  0.0  0.0  0.0  0.0  0.0  0.0  0.0  0.0  0.0  0.0  0.0
253  0.0  0.0  0.0  0.0  0.0  0.0  0.0  0.0  0.0  0.0  0.0  0.0  0.0
254  0.0  0.0  0.0  0.0  0.0  0.0  0.0  0.0  0.0  0.0  0.0  0.0  0.0
255  0.0  0.0  0.0  0.0  0.0  0.0  0.0  0.0  0.0  0.0  0.0  0.0  0.0
257  0.0  0.0  0.0  0.0  0.0  0.0  0.0  0.0  0.0  0.0  0.0  0.0  0.0
267  0.0  0.0  0.0  0.0  0.0  0.0  0.0  0.0  0.0  0.0  0.0  0.0  0.0
258  0.0  0.0  0.0  0.0  0.0  0.0  0.0  0.0  0.0  0.0  0.0  0.0  0.0
259  0.0  0.0  0.0  0.0  0.0  0.0  0.0  0.0  0.0  0.0  0.0  0.0  0.0
260  0.0  0.0  0.0  0.0  0.0  0.0  0.0  0.0  0.0  0.0  0.0  0.0  0.0
261  0.0  0.0  0.0  0.0  0.0  0.0  0.0  0.0  0.0  0.0  0.0  0.0  0.0
262  0.0  0.0  0.0  0.0  0.0  0.0  0.0  0.0  0.0  0.0  0.0  0.0  0.0
263  0.0  0.0  0.0  0.0  0.0  0.0  0.0  0.0  0.0  0.0  0.0  0.0  0.0
264  0.0  0.0  0.0  0.0  0.0  0.0  0.0  0.0  0.0  0.0  0.0  0.0  0.0
265  0.0  0.0  0.0  0.0  0.0  0.0  0.0  0.0  0.0  0.0  0.0  0.0  0.0
266  0.0  0.0  0.0  0.0  0.0  0.0  0.0  0.0  0.0  0.0  0.0  0.0  0.0
783  0.0  0.0  0.0  0.0  0.0  0.0  0.0  0.0  0.0  0.0  0.0  0.0  0.0

[784 rows x 13 columns]
epoch 14 last  13
       0    1    2    3    4    5    6    7    8    9   10   11   12   13
0    0.0  0.0  0.0  0.0  0.0  0.0  0.0  0.0  0.0  0.0  0.0  0.0  0.0  0.0
515  0.0  0.0  0.0  0.0  0.0  0.0  0.0  0.0  0.0  0.0  0.0  0.0  0.0  0.0
517  0.0  0.0  0.0  0.0  0.0  0.0  0.0  0.0  0.0  0.0  0.0  0.0  0.0  0.0
518  0.0  0.0  0.0  0.0  0.0  0.0  0.0  0.0  0.0  0.0  0.0  0.0  0.0  0.0
519  0.0  0.0  0.0  0.0  0.0  0.0  0.0  0.0  0.0  0.0  0.0  0.0  0.0  0.0
520  0.0  0.0  0.0  0.0  0.0  0.0  0.0  0.0  0.0  0.0  0.0  0.0  0.0  0.0
521  0.0  0.0  0.0  0.0  0.0  0.0  0.0  0.0  0.0  0.0  0.0  0.0  0.0  0.0
522  0.0  0.0  0.0  0.0  0.0  0.0  0.0  0.0  0.0  0.0  0.0  0.0  0.0  0.0
523  0.0  0.0  0.0  0.0  0.0  0.0  0.0  0.0  0.0  0.0  0.0  0.0  0.0  0.0
524  0.0  0.0  0.0  0.0  0.0  0.0  0.0  0.0  0.0  0.0  0.0  0.0  0.0  0.0
525  0.0  0.0  0.0  0.0  0.0  0.0  0.0  0.0  0.0  0.0  0.0  0.0  0.0  0.0
526  0.0  0.0  0.0  0.0  0.0  0.0  0.0  0.0  0.0  0.0  0.0  0.0  0.0  0.0
527  0.0  0.0  0.0  0.0  0.0  0.0  0.0  0.0  0.0  0.0  0.0  0.0  0.0  0.0
528  0.0  0.0  0.0  0.0  0.0  0.0  0.0  0.0  0.0  0.0  0.0  0.0  0.0  0.0
529  0.0  0.0  0.0  0.0  0.0  0.0  0.0  0.0  0.0  0.0  0.0  0.0  0.0  0.0
530  0.0  0.0  0.0  0.0  0.0  0.0  0.0  0.0  0.0  0.0  0.0  0.0  0.0  0.0
531  0.0  0.0  0.0  0.0  0.0  0.0  0.0  0.0  0.0  0.0  0.0  0.0  0.0  0.0
532  0.0  0.0  0.0  0.0  0.0  0.0  0.0  0.0  0.0  0.0  0.0  0.0  0.0  0.0
533  0.0  0.0  0.0  0.0  0.0  0.0  0.0  0.0  0.0  0.0  0.0  0.0  0.0  0.0
534  0.0  0.0  0.0  0.0  0.0  0.0  0.0  0.0  0.0  0.0  0.0  0.0  0.0  0.0
535  0.0  0.0  0.0  0.0  0.0  0.0  0.0  0.0  0.0  0.0  0.0  0.0  0.0  0.0
536  0.0  0.0  0.0  0.0  0.0  0.0  0.0  0.0  0.0  0.0  0.0  0.0  0.0  0.0
537  0.0  0.0  0.0  0.0  0.0  0.0  0.0  0.0  0.0  0.0  0.0  0.0  0.0  0.0
516  0.0  0.0  0.0  0.0  0.0  0.0  0.0  0.0  0.0  0.0  0.0  0.0  0.0  0.0
514  0.0  0.0  0.0  0.0  0.0  0.0  0.0  0.0  0.0  0.0  0.0  0.0  0.0  0.0
1    0.0  0.0  0.0  0.0  0.0  0.0  0.0  0.0  0.0  0.0  0.0  0.0  0.0  0.0
513  0.0  0.0  0.0  0.0  0.0  0.0  0.0  0.0  0.0  0.0  0.0  0.0  0.0  0.0
492  0.0  0.0  0.0  0.0  0.0  0.0  0.0  0.0  0.0  0.0  0.0  0.0  0.0  0.0
493  0.0  0.0  0.0  0.0  0.0  0.0  0.0  0.0  0.0  0.0  0.0  0.0  0.0  0.0
494  0.0  0.0  0.0  0.0  0.0  0.0  0.0  0.0  0.0  0.0  0.0  0.0  0.0  0.0
..   ...  ...  ...  ...  ...  ...  ...  ...  ...  ...  ...  ...  ...  ...
287  0.0  0.0  0.0  0.0  0.0  0.0  0.0  0.0  0.0  0.0  0.0  0.0  0.0  0.0
288  0.0  0.0  0.0  0.0  0.0  0.0  0.0  0.0  0.0  0.0  0.0  0.0  0.0  0.0
289  0.0  0.0  0.0  0.0  0.0  0.0  0.0  0.0  0.0  0.0  0.0  0.0  0.0  0.0
290  0.0  0.0  0.0  0.0  0.0  0.0  0.0  0.0  0.0  0.0  0.0  0.0  0.0  0.0
291  0.0  0.0  0.0  0.0  0.0  0.0  0.0  0.0  0.0  0.0  0.0  0.0  0.0  0.0
270  0.0  0.0  0.0  0.0  0.0  0.0  0.0  0.0  0.0  0.0  0.0  0.0  0.0  0.0
269  0.0  0.0  0.0  0.0  0.0  0.0  0.0  0.0  0.0  0.0  0.0  0.0  0.0  0.0
268  0.0  0.0  0.0  0.0  0.0  0.0  0.0  0.0  0.0  0.0  0.0  0.0  0.0  0.0
256  0.0  0.0  0.0  0.0  0.0  0.0  0.0  0.0  0.0  0.0  0.0  0.0  0.0  0.0
247  0.0  0.0  0.0  0.0  0.0  0.0  0.0  0.0  0.0  0.0  0.0  0.0  0.0  0.0
248  0.0  0.0  0.0  0.0  0.0  0.0  0.0  0.0  0.0  0.0  0.0  0.0  0.0  0.0
249  0.0  0.0  0.0  0.0  0.0  0.0  0.0  0.0  0.0  0.0  0.0  0.0  0.0  0.0
250  0.0  0.0  0.0  0.0  0.0  0.0  0.0  0.0  0.0  0.0  0.0  0.0  0.0  0.0
251  0.0  0.0  0.0  0.0  0.0  0.0  0.0  0.0  0.0  0.0  0.0  0.0  0.0  0.0
252  0.0  0.0  0.0  0.0  0.0  0.0  0.0  0.0  0.0  0.0  0.0  0.0  0.0  0.0
253  0.0  0.0  0.0  0.0  0.0  0.0  0.0  0.0  0.0  0.0  0.0  0.0  0.0  0.0
254  0.0  0.0  0.0  0.0  0.0  0.0  0.0  0.0  0.0  0.0  0.0  0.0  0.0  0.0
255  0.0  0.0  0.0  0.0  0.0  0.0  0.0  0.0  0.0  0.0  0.0  0.0  0.0  0.0
257  0.0  0.0  0.0  0.0  0.0  0.0  0.0  0.0  0.0  0.0  0.0  0.0  0.0  0.0
267  0.0  0.0  0.0  0.0  0.0  0.0  0.0  0.0  0.0  0.0  0.0  0.0  0.0  0.0
258  0.0  0.0  0.0  0.0  0.0  0.0  0.0  0.0  0.0  0.0  0.0  0.0  0.0  0.0
259  0.0  0.0  0.0  0.0  0.0  0.0  0.0  0.0  0.0  0.0  0.0  0.0  0.0  0.0
260  0.0  0.0  0.0  0.0  0.0  0.0  0.0  0.0  0.0  0.0  0.0  0.0  0.0  0.0
261  0.0  0.0  0.0  0.0  0.0  0.0  0.0  0.0  0.0  0.0  0.0  0.0  0.0  0.0
262  0.0  0.0  0.0  0.0  0.0  0.0  0.0  0.0  0.0  0.0  0.0  0.0  0.0  0.0
263  0.0  0.0  0.0  0.0  0.0  0.0  0.0  0.0  0.0  0.0  0.0  0.0  0.0  0.0
264  0.0  0.0  0.0  0.0  0.0  0.0  0.0  0.0  0.0  0.0  0.0  0.0  0.0  0.0
265  0.0  0.0  0.0  0.0  0.0  0.0  0.0  0.0  0.0  0.0  0.0  0.0  0.0  0.0
266  0.0  0.0  0.0  0.0  0.0  0.0  0.0  0.0  0.0  0.0  0.0  0.0  0.0  0.0
783  0.0  0.0  0.0  0.0  0.0  0.0  0.0  0.0  0.0  0.0  0.0  0.0  0.0  0.0

[784 rows x 14 columns]
epoch 15 last  14
       0    1    2    3    4    5    6 ...     8    9   10   11   12   13   14
0    0.0  0.0  0.0  0.0  0.0  0.0  0.0 ...   0.0  0.0  0.0  0.0  0.0  0.0  0.0
515  0.0  0.0  0.0  0.0  0.0  0.0  0.0 ...   0.0  0.0  0.0  0.0  0.0  0.0  0.0
517  0.0  0.0  0.0  0.0  0.0  0.0  0.0 ...   0.0  0.0  0.0  0.0  0.0  0.0  0.0
518  0.0  0.0  0.0  0.0  0.0  0.0  0.0 ...   0.0  0.0  0.0  0.0  0.0  0.0  0.0
519  0.0  0.0  0.0  0.0  0.0  0.0  0.0 ...   0.0  0.0  0.0  0.0  0.0  0.0  0.0
520  0.0  0.0  0.0  0.0  0.0  0.0  0.0 ...   0.0  0.0  0.0  0.0  0.0  0.0  0.0
521  0.0  0.0  0.0  0.0  0.0  0.0  0.0 ...   0.0  0.0  0.0  0.0  0.0  0.0  0.0
522  0.0  0.0  0.0  0.0  0.0  0.0  0.0 ...   0.0  0.0  0.0  0.0  0.0  0.0  0.0
523  0.0  0.0  0.0  0.0  0.0  0.0  0.0 ...   0.0  0.0  0.0  0.0  0.0  0.0  0.0
524  0.0  0.0  0.0  0.0  0.0  0.0  0.0 ...   0.0  0.0  0.0  0.0  0.0  0.0  0.0
525  0.0  0.0  0.0  0.0  0.0  0.0  0.0 ...   0.0  0.0  0.0  0.0  0.0  0.0  0.0
526  0.0  0.0  0.0  0.0  0.0  0.0  0.0 ...   0.0  0.0  0.0  0.0  0.0  0.0  0.0
527  0.0  0.0  0.0  0.0  0.0  0.0  0.0 ...   0.0  0.0  0.0  0.0  0.0  0.0  0.0
528  0.0  0.0  0.0  0.0  0.0  0.0  0.0 ...   0.0  0.0  0.0  0.0  0.0  0.0  0.0
529  0.0  0.0  0.0  0.0  0.0  0.0  0.0 ...   0.0  0.0  0.0  0.0  0.0  0.0  0.0
530  0.0  0.0  0.0  0.0  0.0  0.0  0.0 ...   0.0  0.0  0.0  0.0  0.0  0.0  0.0
531  0.0  0.0  0.0  0.0  0.0  0.0  0.0 ...   0.0  0.0  0.0  0.0  0.0  0.0  0.0
532  0.0  0.0  0.0  0.0  0.0  0.0  0.0 ...   0.0  0.0  0.0  0.0  0.0  0.0  0.0
533  0.0  0.0  0.0  0.0  0.0  0.0  0.0 ...   0.0  0.0  0.0  0.0  0.0  0.0  0.0
534  0.0  0.0  0.0  0.0  0.0  0.0  0.0 ...   0.0  0.0  0.0  0.0  0.0  0.0  0.0
535  0.0  0.0  0.0  0.0  0.0  0.0  0.0 ...   0.0  0.0  0.0  0.0  0.0  0.0  0.0
536  0.0  0.0  0.0  0.0  0.0  0.0  0.0 ...   0.0  0.0  0.0  0.0  0.0  0.0  0.0
537  0.0  0.0  0.0  0.0  0.0  0.0  0.0 ...   0.0  0.0  0.0  0.0  0.0  0.0  0.0
516  0.0  0.0  0.0  0.0  0.0  0.0  0.0 ...   0.0  0.0  0.0  0.0  0.0  0.0  0.0
514  0.0  0.0  0.0  0.0  0.0  0.0  0.0 ...   0.0  0.0  0.0  0.0  0.0  0.0  0.0
1    0.0  0.0  0.0  0.0  0.0  0.0  0.0 ...   0.0  0.0  0.0  0.0  0.0  0.0  0.0
513  0.0  0.0  0.0  0.0  0.0  0.0  0.0 ...   0.0  0.0  0.0  0.0  0.0  0.0  0.0
492  0.0  0.0  0.0  0.0  0.0  0.0  0.0 ...   0.0  0.0  0.0  0.0  0.0  0.0  0.0
493  0.0  0.0  0.0  0.0  0.0  0.0  0.0 ...   0.0  0.0  0.0  0.0  0.0  0.0  0.0
494  0.0  0.0  0.0  0.0  0.0  0.0  0.0 ...   0.0  0.0  0.0  0.0  0.0  0.0  0.0
..   ...  ...  ...  ...  ...  ...  ... ...   ...  ...  ...  ...  ...  ...  ...
287  0.0  0.0  0.0  0.0  0.0  0.0  0.0 ...   0.0  0.0  0.0  0.0  0.0  0.0  0.0
288  0.0  0.0  0.0  0.0  0.0  0.0  0.0 ...   0.0  0.0  0.0  0.0  0.0  0.0  0.0
289  0.0  0.0  0.0  0.0  0.0  0.0  0.0 ...   0.0  0.0  0.0  0.0  0.0  0.0  0.0
290  0.0  0.0  0.0  0.0  0.0  0.0  0.0 ...   0.0  0.0  0.0  0.0  0.0  0.0  0.0
291  0.0  0.0  0.0  0.0  0.0  0.0  0.0 ...   0.0  0.0  0.0  0.0  0.0  0.0  0.0
270  0.0  0.0  0.0  0.0  0.0  0.0  0.0 ...   0.0  0.0  0.0  0.0  0.0  0.0  0.0
269  0.0  0.0  0.0  0.0  0.0  0.0  0.0 ...   0.0  0.0  0.0  0.0  0.0  0.0  0.0
268  0.0  0.0  0.0  0.0  0.0  0.0  0.0 ...   0.0  0.0  0.0  0.0  0.0  0.0  0.0
256  0.0  0.0  0.0  0.0  0.0  0.0  0.0 ...   0.0  0.0  0.0  0.0  0.0  0.0  0.0
247  0.0  0.0  0.0  0.0  0.0  0.0  0.0 ...   0.0  0.0  0.0  0.0  0.0  0.0  0.0
248  0.0  0.0  0.0  0.0  0.0  0.0  0.0 ...   0.0  0.0  0.0  0.0  0.0  0.0  0.0
249  0.0  0.0  0.0  0.0  0.0  0.0  0.0 ...   0.0  0.0  0.0  0.0  0.0  0.0  0.0
250  0.0  0.0  0.0  0.0  0.0  0.0  0.0 ...   0.0  0.0  0.0  0.0  0.0  0.0  0.0
251  0.0  0.0  0.0  0.0  0.0  0.0  0.0 ...   0.0  0.0  0.0  0.0  0.0  0.0  0.0
252  0.0  0.0  0.0  0.0  0.0  0.0  0.0 ...   0.0  0.0  0.0  0.0  0.0  0.0  0.0
253  0.0  0.0  0.0  0.0  0.0  0.0  0.0 ...   0.0  0.0  0.0  0.0  0.0  0.0  0.0
254  0.0  0.0  0.0  0.0  0.0  0.0  0.0 ...   0.0  0.0  0.0  0.0  0.0  0.0  0.0
255  0.0  0.0  0.0  0.0  0.0  0.0  0.0 ...   0.0  0.0  0.0  0.0  0.0  0.0  0.0
257  0.0  0.0  0.0  0.0  0.0  0.0  0.0 ...   0.0  0.0  0.0  0.0  0.0  0.0  0.0
267  0.0  0.0  0.0  0.0  0.0  0.0  0.0 ...   0.0  0.0  0.0  0.0  0.0  0.0  0.0
258  0.0  0.0  0.0  0.0  0.0  0.0  0.0 ...   0.0  0.0  0.0  0.0  0.0  0.0  0.0
259  0.0  0.0  0.0  0.0  0.0  0.0  0.0 ...   0.0  0.0  0.0  0.0  0.0  0.0  0.0
260  0.0  0.0  0.0  0.0  0.0  0.0  0.0 ...   0.0  0.0  0.0  0.0  0.0  0.0  0.0
261  0.0  0.0  0.0  0.0  0.0  0.0  0.0 ...   0.0  0.0  0.0  0.0  0.0  0.0  0.0
262  0.0  0.0  0.0  0.0  0.0  0.0  0.0 ...   0.0  0.0  0.0  0.0  0.0  0.0  0.0
263  0.0  0.0  0.0  0.0  0.0  0.0  0.0 ...   0.0  0.0  0.0  0.0  0.0  0.0  0.0
264  0.0  0.0  0.0  0.0  0.0  0.0  0.0 ...   0.0  0.0  0.0  0.0  0.0  0.0  0.0
265  0.0  0.0  0.0  0.0  0.0  0.0  0.0 ...   0.0  0.0  0.0  0.0  0.0  0.0  0.0
266  0.0  0.0  0.0  0.0  0.0  0.0  0.0 ...   0.0  0.0  0.0  0.0  0.0  0.0  0.0
783  0.0  0.0  0.0  0.0  0.0  0.0  0.0 ...   0.0  0.0  0.0  0.0  0.0  0.0  0.0

[784 rows x 15 columns]
epoch 16 last  15
       0    1    2    3    4    5    6 ...     9   10   11   12   13   14   15
0    0.0  0.0  0.0  0.0  0.0  0.0  0.0 ...   0.0  0.0  0.0  0.0  0.0  0.0  0.0
515  0.0  0.0  0.0  0.0  0.0  0.0  0.0 ...   0.0  0.0  0.0  0.0  0.0  0.0  0.0
517  0.0  0.0  0.0  0.0  0.0  0.0  0.0 ...   0.0  0.0  0.0  0.0  0.0  0.0  0.0
518  0.0  0.0  0.0  0.0  0.0  0.0  0.0 ...   0.0  0.0  0.0  0.0  0.0  0.0  0.0
519  0.0  0.0  0.0  0.0  0.0  0.0  0.0 ...   0.0  0.0  0.0  0.0  0.0  0.0  0.0
520  0.0  0.0  0.0  0.0  0.0  0.0  0.0 ...   0.0  0.0  0.0  0.0  0.0  0.0  0.0
521  0.0  0.0  0.0  0.0  0.0  0.0  0.0 ...   0.0  0.0  0.0  0.0  0.0  0.0  0.0
522  0.0  0.0  0.0  0.0  0.0  0.0  0.0 ...   0.0  0.0  0.0  0.0  0.0  0.0  0.0
523  0.0  0.0  0.0  0.0  0.0  0.0  0.0 ...   0.0  0.0  0.0  0.0  0.0  0.0  0.0
524  0.0  0.0  0.0  0.0  0.0  0.0  0.0 ...   0.0  0.0  0.0  0.0  0.0  0.0  0.0
525  0.0  0.0  0.0  0.0  0.0  0.0  0.0 ...   0.0  0.0  0.0  0.0  0.0  0.0  0.0
526  0.0  0.0  0.0  0.0  0.0  0.0  0.0 ...   0.0  0.0  0.0  0.0  0.0  0.0  0.0
527  0.0  0.0  0.0  0.0  0.0  0.0  0.0 ...   0.0  0.0  0.0  0.0  0.0  0.0  0.0
528  0.0  0.0  0.0  0.0  0.0  0.0  0.0 ...   0.0  0.0  0.0  0.0  0.0  0.0  0.0
529  0.0  0.0  0.0  0.0  0.0  0.0  0.0 ...   0.0  0.0  0.0  0.0  0.0  0.0  0.0
530  0.0  0.0  0.0  0.0  0.0  0.0  0.0 ...   0.0  0.0  0.0  0.0  0.0  0.0  0.0
531  0.0  0.0  0.0  0.0  0.0  0.0  0.0 ...   0.0  0.0  0.0  0.0  0.0  0.0  0.0
532  0.0  0.0  0.0  0.0  0.0  0.0  0.0 ...   0.0  0.0  0.0  0.0  0.0  0.0  0.0
533  0.0  0.0  0.0  0.0  0.0  0.0  0.0 ...   0.0  0.0  0.0  0.0  0.0  0.0  0.0
534  0.0  0.0  0.0  0.0  0.0  0.0  0.0 ...   0.0  0.0  0.0  0.0  0.0  0.0  0.0
535  0.0  0.0  0.0  0.0  0.0  0.0  0.0 ...   0.0  0.0  0.0  0.0  0.0  0.0  0.0
536  0.0  0.0  0.0  0.0  0.0  0.0  0.0 ...   0.0  0.0  0.0  0.0  0.0  0.0  0.0
537  0.0  0.0  0.0  0.0  0.0  0.0  0.0 ...   0.0  0.0  0.0  0.0  0.0  0.0  0.0
516  0.0  0.0  0.0  0.0  0.0  0.0  0.0 ...   0.0  0.0  0.0  0.0  0.0  0.0  0.0
514  0.0  0.0  0.0  0.0  0.0  0.0  0.0 ...   0.0  0.0  0.0  0.0  0.0  0.0  0.0
1    0.0  0.0  0.0  0.0  0.0  0.0  0.0 ...   0.0  0.0  0.0  0.0  0.0  0.0  0.0
513  0.0  0.0  0.0  0.0  0.0  0.0  0.0 ...   0.0  0.0  0.0  0.0  0.0  0.0  0.0
492  0.0  0.0  0.0  0.0  0.0  0.0  0.0 ...   0.0  0.0  0.0  0.0  0.0  0.0  0.0
493  0.0  0.0  0.0  0.0  0.0  0.0  0.0 ...   0.0  0.0  0.0  0.0  0.0  0.0  0.0
494  0.0  0.0  0.0  0.0  0.0  0.0  0.0 ...   0.0  0.0  0.0  0.0  0.0  0.0  0.0
..   ...  ...  ...  ...  ...  ...  ... ...   ...  ...  ...  ...  ...  ...  ...
287  0.0  0.0  0.0  0.0  0.0  0.0  0.0 ...   0.0  0.0  0.0  0.0  0.0  0.0  0.0
288  0.0  0.0  0.0  0.0  0.0  0.0  0.0 ...   0.0  0.0  0.0  0.0  0.0  0.0  0.0
289  0.0  0.0  0.0  0.0  0.0  0.0  0.0 ...   0.0  0.0  0.0  0.0  0.0  0.0  0.0
290  0.0  0.0  0.0  0.0  0.0  0.0  0.0 ...   0.0  0.0  0.0  0.0  0.0  0.0  0.0
291  0.0  0.0  0.0  0.0  0.0  0.0  0.0 ...   0.0  0.0  0.0  0.0  0.0  0.0  0.0
270  0.0  0.0  0.0  0.0  0.0  0.0  0.0 ...   0.0  0.0  0.0  0.0  0.0  0.0  0.0
269  0.0  0.0  0.0  0.0  0.0  0.0  0.0 ...   0.0  0.0  0.0  0.0  0.0  0.0  0.0
268  0.0  0.0  0.0  0.0  0.0  0.0  0.0 ...   0.0  0.0  0.0  0.0  0.0  0.0  0.0
256  0.0  0.0  0.0  0.0  0.0  0.0  0.0 ...   0.0  0.0  0.0  0.0  0.0  0.0  0.0
247  0.0  0.0  0.0  0.0  0.0  0.0  0.0 ...   0.0  0.0  0.0  0.0  0.0  0.0  0.0
248  0.0  0.0  0.0  0.0  0.0  0.0  0.0 ...   0.0  0.0  0.0  0.0  0.0  0.0  0.0
249  0.0  0.0  0.0  0.0  0.0  0.0  0.0 ...   0.0  0.0  0.0  0.0  0.0  0.0  0.0
250  0.0  0.0  0.0  0.0  0.0  0.0  0.0 ...   0.0  0.0  0.0  0.0  0.0  0.0  0.0
251  0.0  0.0  0.0  0.0  0.0  0.0  0.0 ...   0.0  0.0  0.0  0.0  0.0  0.0  0.0
252  0.0  0.0  0.0  0.0  0.0  0.0  0.0 ...   0.0  0.0  0.0  0.0  0.0  0.0  0.0
253  0.0  0.0  0.0  0.0  0.0  0.0  0.0 ...   0.0  0.0  0.0  0.0  0.0  0.0  0.0
254  0.0  0.0  0.0  0.0  0.0  0.0  0.0 ...   0.0  0.0  0.0  0.0  0.0  0.0  0.0
255  0.0  0.0  0.0  0.0  0.0  0.0  0.0 ...   0.0  0.0  0.0  0.0  0.0  0.0  0.0
257  0.0  0.0  0.0  0.0  0.0  0.0  0.0 ...   0.0  0.0  0.0  0.0  0.0  0.0  0.0
267  0.0  0.0  0.0  0.0  0.0  0.0  0.0 ...   0.0  0.0  0.0  0.0  0.0  0.0  0.0
258  0.0  0.0  0.0  0.0  0.0  0.0  0.0 ...   0.0  0.0  0.0  0.0  0.0  0.0  0.0
259  0.0  0.0  0.0  0.0  0.0  0.0  0.0 ...   0.0  0.0  0.0  0.0  0.0  0.0  0.0
260  0.0  0.0  0.0  0.0  0.0  0.0  0.0 ...   0.0  0.0  0.0  0.0  0.0  0.0  0.0
261  0.0  0.0  0.0  0.0  0.0  0.0  0.0 ...   0.0  0.0  0.0  0.0  0.0  0.0  0.0
262  0.0  0.0  0.0  0.0  0.0  0.0  0.0 ...   0.0  0.0  0.0  0.0  0.0  0.0  0.0
263  0.0  0.0  0.0  0.0  0.0  0.0  0.0 ...   0.0  0.0  0.0  0.0  0.0  0.0  0.0
264  0.0  0.0  0.0  0.0  0.0  0.0  0.0 ...   0.0  0.0  0.0  0.0  0.0  0.0  0.0
265  0.0  0.0  0.0  0.0  0.0  0.0  0.0 ...   0.0  0.0  0.0  0.0  0.0  0.0  0.0
266  0.0  0.0  0.0  0.0  0.0  0.0  0.0 ...   0.0  0.0  0.0  0.0  0.0  0.0  0.0
783  0.0  0.0  0.0  0.0  0.0  0.0  0.0 ...   0.0  0.0  0.0  0.0  0.0  0.0  0.0

[784 rows x 16 columns]
epoch 17 last  16
       0    1    2    3    4    5    6 ...    10   11   12   13   14   15   16
0    0.0  0.0  0.0  0.0  0.0  0.0  0.0 ...   0.0  0.0  0.0  0.0  0.0  0.0  0.0
515  0.0  0.0  0.0  0.0  0.0  0.0  0.0 ...   0.0  0.0  0.0  0.0  0.0  0.0  0.0
517  0.0  0.0  0.0  0.0  0.0  0.0  0.0 ...   0.0  0.0  0.0  0.0  0.0  0.0  0.0
518  0.0  0.0  0.0  0.0  0.0  0.0  0.0 ...   0.0  0.0  0.0  0.0  0.0  0.0  0.0
519  0.0  0.0  0.0  0.0  0.0  0.0  0.0 ...   0.0  0.0  0.0  0.0  0.0  0.0  0.0
520  0.0  0.0  0.0  0.0  0.0  0.0  0.0 ...   0.0  0.0  0.0  0.0  0.0  0.0  0.0
521  0.0  0.0  0.0  0.0  0.0  0.0  0.0 ...   0.0  0.0  0.0  0.0  0.0  0.0  0.0
522  0.0  0.0  0.0  0.0  0.0  0.0  0.0 ...   0.0  0.0  0.0  0.0  0.0  0.0  0.0
523  0.0  0.0  0.0  0.0  0.0  0.0  0.0 ...   0.0  0.0  0.0  0.0  0.0  0.0  0.0
524  0.0  0.0  0.0  0.0  0.0  0.0  0.0 ...   0.0  0.0  0.0  0.0  0.0  0.0  0.0
525  0.0  0.0  0.0  0.0  0.0  0.0  0.0 ...   0.0  0.0  0.0  0.0  0.0  0.0  0.0
526  0.0  0.0  0.0  0.0  0.0  0.0  0.0 ...   0.0  0.0  0.0  0.0  0.0  0.0  0.0
527  0.0  0.0  0.0  0.0  0.0  0.0  0.0 ...   0.0  0.0  0.0  0.0  0.0  0.0  0.0
528  0.0  0.0  0.0  0.0  0.0  0.0  0.0 ...   0.0  0.0  0.0  0.0  0.0  0.0  0.0
529  0.0  0.0  0.0  0.0  0.0  0.0  0.0 ...   0.0  0.0  0.0  0.0  0.0  0.0  0.0
530  0.0  0.0  0.0  0.0  0.0  0.0  0.0 ...   0.0  0.0  0.0  0.0  0.0  0.0  0.0
531  0.0  0.0  0.0  0.0  0.0  0.0  0.0 ...   0.0  0.0  0.0  0.0  0.0  0.0  0.0
532  0.0  0.0  0.0  0.0  0.0  0.0  0.0 ...   0.0  0.0  0.0  0.0  0.0  0.0  0.0
533  0.0  0.0  0.0  0.0  0.0  0.0  0.0 ...   0.0  0.0  0.0  0.0  0.0  0.0  0.0
534  0.0  0.0  0.0  0.0  0.0  0.0  0.0 ...   0.0  0.0  0.0  0.0  0.0  0.0  0.0
535  0.0  0.0  0.0  0.0  0.0  0.0  0.0 ...   0.0  0.0  0.0  0.0  0.0  0.0  0.0
536  0.0  0.0  0.0  0.0  0.0  0.0  0.0 ...   0.0  0.0  0.0  0.0  0.0  0.0  0.0
537  0.0  0.0  0.0  0.0  0.0  0.0  0.0 ...   0.0  0.0  0.0  0.0  0.0  0.0  0.0
516  0.0  0.0  0.0  0.0  0.0  0.0  0.0 ...   0.0  0.0  0.0  0.0  0.0  0.0  0.0
514  0.0  0.0  0.0  0.0  0.0  0.0  0.0 ...   0.0  0.0  0.0  0.0  0.0  0.0  0.0
1    0.0  0.0  0.0  0.0  0.0  0.0  0.0 ...   0.0  0.0  0.0  0.0  0.0  0.0  0.0
513  0.0  0.0  0.0  0.0  0.0  0.0  0.0 ...   0.0  0.0  0.0  0.0  0.0  0.0  0.0
492  0.0  0.0  0.0  0.0  0.0  0.0  0.0 ...   0.0  0.0  0.0  0.0  0.0  0.0  0.0
493  0.0  0.0  0.0  0.0  0.0  0.0  0.0 ...   0.0  0.0  0.0  0.0  0.0  0.0  0.0
494  0.0  0.0  0.0  0.0  0.0  0.0  0.0 ...   0.0  0.0  0.0  0.0  0.0  0.0  0.0
..   ...  ...  ...  ...  ...  ...  ... ...   ...  ...  ...  ...  ...  ...  ...
287  0.0  0.0  0.0  0.0  0.0  0.0  0.0 ...   0.0  0.0  0.0  0.0  0.0  0.0  0.0
288  0.0  0.0  0.0  0.0  0.0  0.0  0.0 ...   0.0  0.0  0.0  0.0  0.0  0.0  0.0
289  0.0  0.0  0.0  0.0  0.0  0.0  0.0 ...   0.0  0.0  0.0  0.0  0.0  0.0  0.0
290  0.0  0.0  0.0  0.0  0.0  0.0  0.0 ...   0.0  0.0  0.0  0.0  0.0  0.0  0.0
291  0.0  0.0  0.0  0.0  0.0  0.0  0.0 ...   0.0  0.0  0.0  0.0  0.0  0.0  0.0
270  0.0  0.0  0.0  0.0  0.0  0.0  0.0 ...   0.0  0.0  0.0  0.0  0.0  0.0  0.0
269  0.0  0.0  0.0  0.0  0.0  0.0  0.0 ...   0.0  0.0  0.0  0.0  0.0  0.0  0.0
268  0.0  0.0  0.0  0.0  0.0  0.0  0.0 ...   0.0  0.0  0.0  0.0  0.0  0.0  0.0
256  0.0  0.0  0.0  0.0  0.0  0.0  0.0 ...   0.0  0.0  0.0  0.0  0.0  0.0  0.0
247  0.0  0.0  0.0  0.0  0.0  0.0  0.0 ...   0.0  0.0  0.0  0.0  0.0  0.0  0.0
248  0.0  0.0  0.0  0.0  0.0  0.0  0.0 ...   0.0  0.0  0.0  0.0  0.0  0.0  0.0
249  0.0  0.0  0.0  0.0  0.0  0.0  0.0 ...   0.0  0.0  0.0  0.0  0.0  0.0  0.0
250  0.0  0.0  0.0  0.0  0.0  0.0  0.0 ...   0.0  0.0  0.0  0.0  0.0  0.0  0.0
251  0.0  0.0  0.0  0.0  0.0  0.0  0.0 ...   0.0  0.0  0.0  0.0  0.0  0.0  0.0
252  0.0  0.0  0.0  0.0  0.0  0.0  0.0 ...   0.0  0.0  0.0  0.0  0.0  0.0  0.0
253  0.0  0.0  0.0  0.0  0.0  0.0  0.0 ...   0.0  0.0  0.0  0.0  0.0  0.0  0.0
254  0.0  0.0  0.0  0.0  0.0  0.0  0.0 ...   0.0  0.0  0.0  0.0  0.0  0.0  0.0
255  0.0  0.0  0.0  0.0  0.0  0.0  0.0 ...   0.0  0.0  0.0  0.0  0.0  0.0  0.0
257  0.0  0.0  0.0  0.0  0.0  0.0  0.0 ...   0.0  0.0  0.0  0.0  0.0  0.0  0.0
267  0.0  0.0  0.0  0.0  0.0  0.0  0.0 ...   0.0  0.0  0.0  0.0  0.0  0.0  0.0
258  0.0  0.0  0.0  0.0  0.0  0.0  0.0 ...   0.0  0.0  0.0  0.0  0.0  0.0  0.0
259  0.0  0.0  0.0  0.0  0.0  0.0  0.0 ...   0.0  0.0  0.0  0.0  0.0  0.0  0.0
260  0.0  0.0  0.0  0.0  0.0  0.0  0.0 ...   0.0  0.0  0.0  0.0  0.0  0.0  0.0
261  0.0  0.0  0.0  0.0  0.0  0.0  0.0 ...   0.0  0.0  0.0  0.0  0.0  0.0  0.0
262  0.0  0.0  0.0  0.0  0.0  0.0  0.0 ...   0.0  0.0  0.0  0.0  0.0  0.0  0.0
263  0.0  0.0  0.0  0.0  0.0  0.0  0.0 ...   0.0  0.0  0.0  0.0  0.0  0.0  0.0
264  0.0  0.0  0.0  0.0  0.0  0.0  0.0 ...   0.0  0.0  0.0  0.0  0.0  0.0  0.0
265  0.0  0.0  0.0  0.0  0.0  0.0  0.0 ...   0.0  0.0  0.0  0.0  0.0  0.0  0.0
266  0.0  0.0  0.0  0.0  0.0  0.0  0.0 ...   0.0  0.0  0.0  0.0  0.0  0.0  0.0
783  0.0  0.0  0.0  0.0  0.0  0.0  0.0 ...   0.0  0.0  0.0  0.0  0.0  0.0  0.0

[784 rows x 17 columns]
epoch 18 last  17
       0    1    2    3    4    5    6 ...    11   12   13   14   15   16   17
0    0.0  0.0  0.0  0.0  0.0  0.0  0.0 ...   0.0  0.0  0.0  0.0  0.0  0.0  0.0
515  0.0  0.0  0.0  0.0  0.0  0.0  0.0 ...   0.0  0.0  0.0  0.0  0.0  0.0  0.0
517  0.0  0.0  0.0  0.0  0.0  0.0  0.0 ...   0.0  0.0  0.0  0.0  0.0  0.0  0.0
518  0.0  0.0  0.0  0.0  0.0  0.0  0.0 ...   0.0  0.0  0.0  0.0  0.0  0.0  0.0
519  0.0  0.0  0.0  0.0  0.0  0.0  0.0 ...   0.0  0.0  0.0  0.0  0.0  0.0  0.0
520  0.0  0.0  0.0  0.0  0.0  0.0  0.0 ...   0.0  0.0  0.0  0.0  0.0  0.0  0.0
521  0.0  0.0  0.0  0.0  0.0  0.0  0.0 ...   0.0  0.0  0.0  0.0  0.0  0.0  0.0
522  0.0  0.0  0.0  0.0  0.0  0.0  0.0 ...   0.0  0.0  0.0  0.0  0.0  0.0  0.0
523  0.0  0.0  0.0  0.0  0.0  0.0  0.0 ...   0.0  0.0  0.0  0.0  0.0  0.0  0.0
524  0.0  0.0  0.0  0.0  0.0  0.0  0.0 ...   0.0  0.0  0.0  0.0  0.0  0.0  0.0
525  0.0  0.0  0.0  0.0  0.0  0.0  0.0 ...   0.0  0.0  0.0  0.0  0.0  0.0  0.0
526  0.0  0.0  0.0  0.0  0.0  0.0  0.0 ...   0.0  0.0  0.0  0.0  0.0  0.0  0.0
527  0.0  0.0  0.0  0.0  0.0  0.0  0.0 ...   0.0  0.0  0.0  0.0  0.0  0.0  0.0
528  0.0  0.0  0.0  0.0  0.0  0.0  0.0 ...   0.0  0.0  0.0  0.0  0.0  0.0  0.0
529  0.0  0.0  0.0  0.0  0.0  0.0  0.0 ...   0.0  0.0  0.0  0.0  0.0  0.0  0.0
530  0.0  0.0  0.0  0.0  0.0  0.0  0.0 ...   0.0  0.0  0.0  0.0  0.0  0.0  0.0
531  0.0  0.0  0.0  0.0  0.0  0.0  0.0 ...   0.0  0.0  0.0  0.0  0.0  0.0  0.0
532  0.0  0.0  0.0  0.0  0.0  0.0  0.0 ...   0.0  0.0  0.0  0.0  0.0  0.0  0.0
533  0.0  0.0  0.0  0.0  0.0  0.0  0.0 ...   0.0  0.0  0.0  0.0  0.0  0.0  0.0
534  0.0  0.0  0.0  0.0  0.0  0.0  0.0 ...   0.0  0.0  0.0  0.0  0.0  0.0  0.0
535  0.0  0.0  0.0  0.0  0.0  0.0  0.0 ...   0.0  0.0  0.0  0.0  0.0  0.0  0.0
536  0.0  0.0  0.0  0.0  0.0  0.0  0.0 ...   0.0  0.0  0.0  0.0  0.0  0.0  0.0
537  0.0  0.0  0.0  0.0  0.0  0.0  0.0 ...   0.0  0.0  0.0  0.0  0.0  0.0  0.0
516  0.0  0.0  0.0  0.0  0.0  0.0  0.0 ...   0.0  0.0  0.0  0.0  0.0  0.0  0.0
514  0.0  0.0  0.0  0.0  0.0  0.0  0.0 ...   0.0  0.0  0.0  0.0  0.0  0.0  0.0
1    0.0  0.0  0.0  0.0  0.0  0.0  0.0 ...   0.0  0.0  0.0  0.0  0.0  0.0  0.0
513  0.0  0.0  0.0  0.0  0.0  0.0  0.0 ...   0.0  0.0  0.0  0.0  0.0  0.0  0.0
492  0.0  0.0  0.0  0.0  0.0  0.0  0.0 ...   0.0  0.0  0.0  0.0  0.0  0.0  0.0
493  0.0  0.0  0.0  0.0  0.0  0.0  0.0 ...   0.0  0.0  0.0  0.0  0.0  0.0  0.0
494  0.0  0.0  0.0  0.0  0.0  0.0  0.0 ...   0.0  0.0  0.0  0.0  0.0  0.0  0.0
..   ...  ...  ...  ...  ...  ...  ... ...   ...  ...  ...  ...  ...  ...  ...
287  0.0  0.0  0.0  0.0  0.0  0.0  0.0 ...   0.0  0.0  0.0  0.0  0.0  0.0  0.0
288  0.0  0.0  0.0  0.0  0.0  0.0  0.0 ...   0.0  0.0  0.0  0.0  0.0  0.0  0.0
289  0.0  0.0  0.0  0.0  0.0  0.0  0.0 ...   0.0  0.0  0.0  0.0  0.0  0.0  0.0
290  0.0  0.0  0.0  0.0  0.0  0.0  0.0 ...   0.0  0.0  0.0  0.0  0.0  0.0  0.0
291  0.0  0.0  0.0  0.0  0.0  0.0  0.0 ...   0.0  0.0  0.0  0.0  0.0  0.0  0.0
270  0.0  0.0  0.0  0.0  0.0  0.0  0.0 ...   0.0  0.0  0.0  0.0  0.0  0.0  0.0
269  0.0  0.0  0.0  0.0  0.0  0.0  0.0 ...   0.0  0.0  0.0  0.0  0.0  0.0  0.0
268  0.0  0.0  0.0  0.0  0.0  0.0  0.0 ...   0.0  0.0  0.0  0.0  0.0  0.0  0.0
256  0.0  0.0  0.0  0.0  0.0  0.0  0.0 ...   0.0  0.0  0.0  0.0  0.0  0.0  0.0
247  0.0  0.0  0.0  0.0  0.0  0.0  0.0 ...   0.0  0.0  0.0  0.0  0.0  0.0  0.0
248  0.0  0.0  0.0  0.0  0.0  0.0  0.0 ...   0.0  0.0  0.0  0.0  0.0  0.0  0.0
249  0.0  0.0  0.0  0.0  0.0  0.0  0.0 ...   0.0  0.0  0.0  0.0  0.0  0.0  0.0
250  0.0  0.0  0.0  0.0  0.0  0.0  0.0 ...   0.0  0.0  0.0  0.0  0.0  0.0  0.0
251  0.0  0.0  0.0  0.0  0.0  0.0  0.0 ...   0.0  0.0  0.0  0.0  0.0  0.0  0.0
252  0.0  0.0  0.0  0.0  0.0  0.0  0.0 ...   0.0  0.0  0.0  0.0  0.0  0.0  0.0
253  0.0  0.0  0.0  0.0  0.0  0.0  0.0 ...   0.0  0.0  0.0  0.0  0.0  0.0  0.0
254  0.0  0.0  0.0  0.0  0.0  0.0  0.0 ...   0.0  0.0  0.0  0.0  0.0  0.0  0.0
255  0.0  0.0  0.0  0.0  0.0  0.0  0.0 ...   0.0  0.0  0.0  0.0  0.0  0.0  0.0
257  0.0  0.0  0.0  0.0  0.0  0.0  0.0 ...   0.0  0.0  0.0  0.0  0.0  0.0  0.0
267  0.0  0.0  0.0  0.0  0.0  0.0  0.0 ...   0.0  0.0  0.0  0.0  0.0  0.0  0.0
258  0.0  0.0  0.0  0.0  0.0  0.0  0.0 ...   0.0  0.0  0.0  0.0  0.0  0.0  0.0
259  0.0  0.0  0.0  0.0  0.0  0.0  0.0 ...   0.0  0.0  0.0  0.0  0.0  0.0  0.0
260  0.0  0.0  0.0  0.0  0.0  0.0  0.0 ...   0.0  0.0  0.0  0.0  0.0  0.0  0.0
261  0.0  0.0  0.0  0.0  0.0  0.0  0.0 ...   0.0  0.0  0.0  0.0  0.0  0.0  0.0
262  0.0  0.0  0.0  0.0  0.0  0.0  0.0 ...   0.0  0.0  0.0  0.0  0.0  0.0  0.0
263  0.0  0.0  0.0  0.0  0.0  0.0  0.0 ...   0.0  0.0  0.0  0.0  0.0  0.0  0.0
264  0.0  0.0  0.0  0.0  0.0  0.0  0.0 ...   0.0  0.0  0.0  0.0  0.0  0.0  0.0
265  0.0  0.0  0.0  0.0  0.0  0.0  0.0 ...   0.0  0.0  0.0  0.0  0.0  0.0  0.0
266  0.0  0.0  0.0  0.0  0.0  0.0  0.0 ...   0.0  0.0  0.0  0.0  0.0  0.0  0.0
783  0.0  0.0  0.0  0.0  0.0  0.0  0.0 ...   0.0  0.0  0.0  0.0  0.0  0.0  0.0

[784 rows x 18 columns]
epoch 19 last  18
       0    1    2    3    4    5    6 ...    12   13   14   15   16   17   18
0    0.0  0.0  0.0  0.0  0.0  0.0  0.0 ...   0.0  0.0  0.0  0.0  0.0  0.0  0.0
515  0.0  0.0  0.0  0.0  0.0  0.0  0.0 ...   0.0  0.0  0.0  0.0  0.0  0.0  0.0
517  0.0  0.0  0.0  0.0  0.0  0.0  0.0 ...   0.0  0.0  0.0  0.0  0.0  0.0  0.0
518  0.0  0.0  0.0  0.0  0.0  0.0  0.0 ...   0.0  0.0  0.0  0.0  0.0  0.0  0.0
519  0.0  0.0  0.0  0.0  0.0  0.0  0.0 ...   0.0  0.0  0.0  0.0  0.0  0.0  0.0
520  0.0  0.0  0.0  0.0  0.0  0.0  0.0 ...   0.0  0.0  0.0  0.0  0.0  0.0  0.0
521  0.0  0.0  0.0  0.0  0.0  0.0  0.0 ...   0.0  0.0  0.0  0.0  0.0  0.0  0.0
522  0.0  0.0  0.0  0.0  0.0  0.0  0.0 ...   0.0  0.0  0.0  0.0  0.0  0.0  0.0
523  0.0  0.0  0.0  0.0  0.0  0.0  0.0 ...   0.0  0.0  0.0  0.0  0.0  0.0  0.0
524  0.0  0.0  0.0  0.0  0.0  0.0  0.0 ...   0.0  0.0  0.0  0.0  0.0  0.0  0.0
525  0.0  0.0  0.0  0.0  0.0  0.0  0.0 ...   0.0  0.0  0.0  0.0  0.0  0.0  0.0
526  0.0  0.0  0.0  0.0  0.0  0.0  0.0 ...   0.0  0.0  0.0  0.0  0.0  0.0  0.0
527  0.0  0.0  0.0  0.0  0.0  0.0  0.0 ...   0.0  0.0  0.0  0.0  0.0  0.0  0.0
528  0.0  0.0  0.0  0.0  0.0  0.0  0.0 ...   0.0  0.0  0.0  0.0  0.0  0.0  0.0
529  0.0  0.0  0.0  0.0  0.0  0.0  0.0 ...   0.0  0.0  0.0  0.0  0.0  0.0  0.0
530  0.0  0.0  0.0  0.0  0.0  0.0  0.0 ...   0.0  0.0  0.0  0.0  0.0  0.0  0.0
531  0.0  0.0  0.0  0.0  0.0  0.0  0.0 ...   0.0  0.0  0.0  0.0  0.0  0.0  0.0
532  0.0  0.0  0.0  0.0  0.0  0.0  0.0 ...   0.0  0.0  0.0  0.0  0.0  0.0  0.0
533  0.0  0.0  0.0  0.0  0.0  0.0  0.0 ...   0.0  0.0  0.0  0.0  0.0  0.0  0.0
534  0.0  0.0  0.0  0.0  0.0  0.0  0.0 ...   0.0  0.0  0.0  0.0  0.0  0.0  0.0
535  0.0  0.0  0.0  0.0  0.0  0.0  0.0 ...   0.0  0.0  0.0  0.0  0.0  0.0  0.0
536  0.0  0.0  0.0  0.0  0.0  0.0  0.0 ...   0.0  0.0  0.0  0.0  0.0  0.0  0.0
537  0.0  0.0  0.0  0.0  0.0  0.0  0.0 ...   0.0  0.0  0.0  0.0  0.0  0.0  0.0
516  0.0  0.0  0.0  0.0  0.0  0.0  0.0 ...   0.0  0.0  0.0  0.0  0.0  0.0  0.0
514  0.0  0.0  0.0  0.0  0.0  0.0  0.0 ...   0.0  0.0  0.0  0.0  0.0  0.0  0.0
1    0.0  0.0  0.0  0.0  0.0  0.0  0.0 ...   0.0  0.0  0.0  0.0  0.0  0.0  0.0
513  0.0  0.0  0.0  0.0  0.0  0.0  0.0 ...   0.0  0.0  0.0  0.0  0.0  0.0  0.0
492  0.0  0.0  0.0  0.0  0.0  0.0  0.0 ...   0.0  0.0  0.0  0.0  0.0  0.0  0.0
493  0.0  0.0  0.0  0.0  0.0  0.0  0.0 ...   0.0  0.0  0.0  0.0  0.0  0.0  0.0
494  0.0  0.0  0.0  0.0  0.0  0.0  0.0 ...   0.0  0.0  0.0  0.0  0.0  0.0  0.0
..   ...  ...  ...  ...  ...  ...  ... ...   ...  ...  ...  ...  ...  ...  ...
287  0.0  0.0  0.0  0.0  0.0  0.0  0.0 ...   0.0  0.0  0.0  0.0  0.0  0.0  0.0
288  0.0  0.0  0.0  0.0  0.0  0.0  0.0 ...   0.0  0.0  0.0  0.0  0.0  0.0  0.0
289  0.0  0.0  0.0  0.0  0.0  0.0  0.0 ...   0.0  0.0  0.0  0.0  0.0  0.0  0.0
290  0.0  0.0  0.0  0.0  0.0  0.0  0.0 ...   0.0  0.0  0.0  0.0  0.0  0.0  0.0
291  0.0  0.0  0.0  0.0  0.0  0.0  0.0 ...   0.0  0.0  0.0  0.0  0.0  0.0  0.0
270  0.0  0.0  0.0  0.0  0.0  0.0  0.0 ...   0.0  0.0  0.0  0.0  0.0  0.0  0.0
269  0.0  0.0  0.0  0.0  0.0  0.0  0.0 ...   0.0  0.0  0.0  0.0  0.0  0.0  0.0
268  0.0  0.0  0.0  0.0  0.0  0.0  0.0 ...   0.0  0.0  0.0  0.0  0.0  0.0  0.0
256  0.0  0.0  0.0  0.0  0.0  0.0  0.0 ...   0.0  0.0  0.0  0.0  0.0  0.0  0.0
247  0.0  0.0  0.0  0.0  0.0  0.0  0.0 ...   0.0  0.0  0.0  0.0  0.0  0.0  0.0
248  0.0  0.0  0.0  0.0  0.0  0.0  0.0 ...   0.0  0.0  0.0  0.0  0.0  0.0  0.0
249  0.0  0.0  0.0  0.0  0.0  0.0  0.0 ...   0.0  0.0  0.0  0.0  0.0  0.0  0.0
250  0.0  0.0  0.0  0.0  0.0  0.0  0.0 ...   0.0  0.0  0.0  0.0  0.0  0.0  0.0
251  0.0  0.0  0.0  0.0  0.0  0.0  0.0 ...   0.0  0.0  0.0  0.0  0.0  0.0  0.0
252  0.0  0.0  0.0  0.0  0.0  0.0  0.0 ...   0.0  0.0  0.0  0.0  0.0  0.0  0.0
253  0.0  0.0  0.0  0.0  0.0  0.0  0.0 ...   0.0  0.0  0.0  0.0  0.0  0.0  0.0
254  0.0  0.0  0.0  0.0  0.0  0.0  0.0 ...   0.0  0.0  0.0  0.0  0.0  0.0  0.0
255  0.0  0.0  0.0  0.0  0.0  0.0  0.0 ...   0.0  0.0  0.0  0.0  0.0  0.0  0.0
257  0.0  0.0  0.0  0.0  0.0  0.0  0.0 ...   0.0  0.0  0.0  0.0  0.0  0.0  0.0
267  0.0  0.0  0.0  0.0  0.0  0.0  0.0 ...   0.0  0.0  0.0  0.0  0.0  0.0  0.0
258  0.0  0.0  0.0  0.0  0.0  0.0  0.0 ...   0.0  0.0  0.0  0.0  0.0  0.0  0.0
259  0.0  0.0  0.0  0.0  0.0  0.0  0.0 ...   0.0  0.0  0.0  0.0  0.0  0.0  0.0
260  0.0  0.0  0.0  0.0  0.0  0.0  0.0 ...   0.0  0.0  0.0  0.0  0.0  0.0  0.0
261  0.0  0.0  0.0  0.0  0.0  0.0  0.0 ...   0.0  0.0  0.0  0.0  0.0  0.0  0.0
262  0.0  0.0  0.0  0.0  0.0  0.0  0.0 ...   0.0  0.0  0.0  0.0  0.0  0.0  0.0
263  0.0  0.0  0.0  0.0  0.0  0.0  0.0 ...   0.0  0.0  0.0  0.0  0.0  0.0  0.0
264  0.0  0.0  0.0  0.0  0.0  0.0  0.0 ...   0.0  0.0  0.0  0.0  0.0  0.0  0.0
265  0.0  0.0  0.0  0.0  0.0  0.0  0.0 ...   0.0  0.0  0.0  0.0  0.0  0.0  0.0
266  0.0  0.0  0.0  0.0  0.0  0.0  0.0 ...   0.0  0.0  0.0  0.0  0.0  0.0  0.0
783  0.0  0.0  0.0  0.0  0.0  0.0  0.0 ...   0.0  0.0  0.0  0.0  0.0  0.0  0.0

[784 rows x 19 columns]
epoch 20 last  19
       0    1    2    3    4    5    6 ...    13   14   15   16   17   18   19
0    0.0  0.0  0.0  0.0  0.0  0.0  0.0 ...   0.0  0.0  0.0  0.0  0.0  0.0  0.0
515  0.0  0.0  0.0  0.0  0.0  0.0  0.0 ...   0.0  0.0  0.0  0.0  0.0  0.0  0.0
517  0.0  0.0  0.0  0.0  0.0  0.0  0.0 ...   0.0  0.0  0.0  0.0  0.0  0.0  0.0
518  0.0  0.0  0.0  0.0  0.0  0.0  0.0 ...   0.0  0.0  0.0  0.0  0.0  0.0  0.0
519  0.0  0.0  0.0  0.0  0.0  0.0  0.0 ...   0.0  0.0  0.0  0.0  0.0  0.0  0.0
520  0.0  0.0  0.0  0.0  0.0  0.0  0.0 ...   0.0  0.0  0.0  0.0  0.0  0.0  0.0
521  0.0  0.0  0.0  0.0  0.0  0.0  0.0 ...   0.0  0.0  0.0  0.0  0.0  0.0  0.0
522  0.0  0.0  0.0  0.0  0.0  0.0  0.0 ...   0.0  0.0  0.0  0.0  0.0  0.0  0.0
523  0.0  0.0  0.0  0.0  0.0  0.0  0.0 ...   0.0  0.0  0.0  0.0  0.0  0.0  0.0
524  0.0  0.0  0.0  0.0  0.0  0.0  0.0 ...   0.0  0.0  0.0  0.0  0.0  0.0  0.0
525  0.0  0.0  0.0  0.0  0.0  0.0  0.0 ...   0.0  0.0  0.0  0.0  0.0  0.0  0.0
526  0.0  0.0  0.0  0.0  0.0  0.0  0.0 ...   0.0  0.0  0.0  0.0  0.0  0.0  0.0
527  0.0  0.0  0.0  0.0  0.0  0.0  0.0 ...   0.0  0.0  0.0  0.0  0.0  0.0  0.0
528  0.0  0.0  0.0  0.0  0.0  0.0  0.0 ...   0.0  0.0  0.0  0.0  0.0  0.0  0.0
529  0.0  0.0  0.0  0.0  0.0  0.0  0.0 ...   0.0  0.0  0.0  0.0  0.0  0.0  0.0
530  0.0  0.0  0.0  0.0  0.0  0.0  0.0 ...   0.0  0.0  0.0  0.0  0.0  0.0  0.0
531  0.0  0.0  0.0  0.0  0.0  0.0  0.0 ...   0.0  0.0  0.0  0.0  0.0  0.0  0.0
532  0.0  0.0  0.0  0.0  0.0  0.0  0.0 ...   0.0  0.0  0.0  0.0  0.0  0.0  0.0
533  0.0  0.0  0.0  0.0  0.0  0.0  0.0 ...   0.0  0.0  0.0  0.0  0.0  0.0  0.0
534  0.0  0.0  0.0  0.0  0.0  0.0  0.0 ...   0.0  0.0  0.0  0.0  0.0  0.0  0.0
535  0.0  0.0  0.0  0.0  0.0  0.0  0.0 ...   0.0  0.0  0.0  0.0  0.0  0.0  0.0
536  0.0  0.0  0.0  0.0  0.0  0.0  0.0 ...   0.0  0.0  0.0  0.0  0.0  0.0  0.0
537  0.0  0.0  0.0  0.0  0.0  0.0  0.0 ...   0.0  0.0  0.0  0.0  0.0  0.0  0.0
516  0.0  0.0  0.0  0.0  0.0  0.0  0.0 ...   0.0  0.0  0.0  0.0  0.0  0.0  0.0
514  0.0  0.0  0.0  0.0  0.0  0.0  0.0 ...   0.0  0.0  0.0  0.0  0.0  0.0  0.0
1    0.0  0.0  0.0  0.0  0.0  0.0  0.0 ...   0.0  0.0  0.0  0.0  0.0  0.0  0.0
513  0.0  0.0  0.0  0.0  0.0  0.0  0.0 ...   0.0  0.0  0.0  0.0  0.0  0.0  0.0
492  0.0  0.0  0.0  0.0  0.0  0.0  0.0 ...   0.0  0.0  0.0  0.0  0.0  0.0  0.0
493  0.0  0.0  0.0  0.0  0.0  0.0  0.0 ...   0.0  0.0  0.0  0.0  0.0  0.0  0.0
494  0.0  0.0  0.0  0.0  0.0  0.0  0.0 ...   0.0  0.0  0.0  0.0  0.0  0.0  0.0
..   ...  ...  ...  ...  ...  ...  ... ...   ...  ...  ...  ...  ...  ...  ...
287  0.0  0.0  0.0  0.0  0.0  0.0  0.0 ...   0.0  0.0  0.0  0.0  0.0  0.0  0.0
288  0.0  0.0  0.0  0.0  0.0  0.0  0.0 ...   0.0  0.0  0.0  0.0  0.0  0.0  0.0
289  0.0  0.0  0.0  0.0  0.0  0.0  0.0 ...   0.0  0.0  0.0  0.0  0.0  0.0  0.0
290  0.0  0.0  0.0  0.0  0.0  0.0  0.0 ...   0.0  0.0  0.0  0.0  0.0  0.0  0.0
291  0.0  0.0  0.0  0.0  0.0  0.0  0.0 ...   0.0  0.0  0.0  0.0  0.0  0.0  0.0
270  0.0  0.0  0.0  0.0  0.0  0.0  0.0 ...   0.0  0.0  0.0  0.0  0.0  0.0  0.0
269  0.0  0.0  0.0  0.0  0.0  0.0  0.0 ...   0.0  0.0  0.0  0.0  0.0  0.0  0.0
268  0.0  0.0  0.0  0.0  0.0  0.0  0.0 ...   0.0  0.0  0.0  0.0  0.0  0.0  0.0
256  0.0  0.0  0.0  0.0  0.0  0.0  0.0 ...   0.0  0.0  0.0  0.0  0.0  0.0  0.0
247  0.0  0.0  0.0  0.0  0.0  0.0  0.0 ...   0.0  0.0  0.0  0.0  0.0  0.0  0.0
248  0.0  0.0  0.0  0.0  0.0  0.0  0.0 ...   0.0  0.0  0.0  0.0  0.0  0.0  0.0
249  0.0  0.0  0.0  0.0  0.0  0.0  0.0 ...   0.0  0.0  0.0  0.0  0.0  0.0  0.0
250  0.0  0.0  0.0  0.0  0.0  0.0  0.0 ...   0.0  0.0  0.0  0.0  0.0  0.0  0.0
251  0.0  0.0  0.0  0.0  0.0  0.0  0.0 ...   0.0  0.0  0.0  0.0  0.0  0.0  0.0
252  0.0  0.0  0.0  0.0  0.0  0.0  0.0 ...   0.0  0.0  0.0  0.0  0.0  0.0  0.0
253  0.0  0.0  0.0  0.0  0.0  0.0  0.0 ...   0.0  0.0  0.0  0.0  0.0  0.0  0.0
254  0.0  0.0  0.0  0.0  0.0  0.0  0.0 ...   0.0  0.0  0.0  0.0  0.0  0.0  0.0
255  0.0  0.0  0.0  0.0  0.0  0.0  0.0 ...   0.0  0.0  0.0  0.0  0.0  0.0  0.0
257  0.0  0.0  0.0  0.0  0.0  0.0  0.0 ...   0.0  0.0  0.0  0.0  0.0  0.0  0.0
267  0.0  0.0  0.0  0.0  0.0  0.0  0.0 ...   0.0  0.0  0.0  0.0  0.0  0.0  0.0
258  0.0  0.0  0.0  0.0  0.0  0.0  0.0 ...   0.0  0.0  0.0  0.0  0.0  0.0  0.0
259  0.0  0.0  0.0  0.0  0.0  0.0  0.0 ...   0.0  0.0  0.0  0.0  0.0  0.0  0.0
260  0.0  0.0  0.0  0.0  0.0  0.0  0.0 ...   0.0  0.0  0.0  0.0  0.0  0.0  0.0
261  0.0  0.0  0.0  0.0  0.0  0.0  0.0 ...   0.0  0.0  0.0  0.0  0.0  0.0  0.0
262  0.0  0.0  0.0  0.0  0.0  0.0  0.0 ...   0.0  0.0  0.0  0.0  0.0  0.0  0.0
263  0.0  0.0  0.0  0.0  0.0  0.0  0.0 ...   0.0  0.0  0.0  0.0  0.0  0.0  0.0
264  0.0  0.0  0.0  0.0  0.0  0.0  0.0 ...   0.0  0.0  0.0  0.0  0.0  0.0  0.0
265  0.0  0.0  0.0  0.0  0.0  0.0  0.0 ...   0.0  0.0  0.0  0.0  0.0  0.0  0.0
266  0.0  0.0  0.0  0.0  0.0  0.0  0.0 ...   0.0  0.0  0.0  0.0  0.0  0.0  0.0
783  0.0  0.0  0.0  0.0  0.0  0.0  0.0 ...   0.0  0.0  0.0  0.0  0.0  0.0  0.0

[784 rows x 20 columns]
epoch 21 last  20
       0    1    2    3    4    5    6 ...    14   15   16   17   18   19   20
0    0.0  0.0  0.0  0.0  0.0  0.0  0.0 ...   0.0  0.0  0.0  0.0  0.0  0.0  0.0
515  0.0  0.0  0.0  0.0  0.0  0.0  0.0 ...   0.0  0.0  0.0  0.0  0.0  0.0  0.0
517  0.0  0.0  0.0  0.0  0.0  0.0  0.0 ...   0.0  0.0  0.0  0.0  0.0  0.0  0.0
518  0.0  0.0  0.0  0.0  0.0  0.0  0.0 ...   0.0  0.0  0.0  0.0  0.0  0.0  0.0
519  0.0  0.0  0.0  0.0  0.0  0.0  0.0 ...   0.0  0.0  0.0  0.0  0.0  0.0  0.0
520  0.0  0.0  0.0  0.0  0.0  0.0  0.0 ...   0.0  0.0  0.0  0.0  0.0  0.0  0.0
521  0.0  0.0  0.0  0.0  0.0  0.0  0.0 ...   0.0  0.0  0.0  0.0  0.0  0.0  0.0
522  0.0  0.0  0.0  0.0  0.0  0.0  0.0 ...   0.0  0.0  0.0  0.0  0.0  0.0  0.0
523  0.0  0.0  0.0  0.0  0.0  0.0  0.0 ...   0.0  0.0  0.0  0.0  0.0  0.0  0.0
524  0.0  0.0  0.0  0.0  0.0  0.0  0.0 ...   0.0  0.0  0.0  0.0  0.0  0.0  0.0
525  0.0  0.0  0.0  0.0  0.0  0.0  0.0 ...   0.0  0.0  0.0  0.0  0.0  0.0  0.0
526  0.0  0.0  0.0  0.0  0.0  0.0  0.0 ...   0.0  0.0  0.0  0.0  0.0  0.0  0.0
527  0.0  0.0  0.0  0.0  0.0  0.0  0.0 ...   0.0  0.0  0.0  0.0  0.0  0.0  0.0
528  0.0  0.0  0.0  0.0  0.0  0.0  0.0 ...   0.0  0.0  0.0  0.0  0.0  0.0  0.0
529  0.0  0.0  0.0  0.0  0.0  0.0  0.0 ...   0.0  0.0  0.0  0.0  0.0  0.0  0.0
530  0.0  0.0  0.0  0.0  0.0  0.0  0.0 ...   0.0  0.0  0.0  0.0  0.0  0.0  0.0
531  0.0  0.0  0.0  0.0  0.0  0.0  0.0 ...   0.0  0.0  0.0  0.0  0.0  0.0  0.0
532  0.0  0.0  0.0  0.0  0.0  0.0  0.0 ...   0.0  0.0  0.0  0.0  0.0  0.0  0.0
533  0.0  0.0  0.0  0.0  0.0  0.0  0.0 ...   0.0  0.0  0.0  0.0  0.0  0.0  0.0
534  0.0  0.0  0.0  0.0  0.0  0.0  0.0 ...   0.0  0.0  0.0  0.0  0.0  0.0  0.0
535  0.0  0.0  0.0  0.0  0.0  0.0  0.0 ...   0.0  0.0  0.0  0.0  0.0  0.0  0.0
536  0.0  0.0  0.0  0.0  0.0  0.0  0.0 ...   0.0  0.0  0.0  0.0  0.0  0.0  0.0
537  0.0  0.0  0.0  0.0  0.0  0.0  0.0 ...   0.0  0.0  0.0  0.0  0.0  0.0  0.0
516  0.0  0.0  0.0  0.0  0.0  0.0  0.0 ...   0.0  0.0  0.0  0.0  0.0  0.0  0.0
514  0.0  0.0  0.0  0.0  0.0  0.0  0.0 ...   0.0  0.0  0.0  0.0  0.0  0.0  0.0
1    0.0  0.0  0.0  0.0  0.0  0.0  0.0 ...   0.0  0.0  0.0  0.0  0.0  0.0  0.0
513  0.0  0.0  0.0  0.0  0.0  0.0  0.0 ...   0.0  0.0  0.0  0.0  0.0  0.0  0.0
492  0.0  0.0  0.0  0.0  0.0  0.0  0.0 ...   0.0  0.0  0.0  0.0  0.0  0.0  0.0
493  0.0  0.0  0.0  0.0  0.0  0.0  0.0 ...   0.0  0.0  0.0  0.0  0.0  0.0  0.0
494  0.0  0.0  0.0  0.0  0.0  0.0  0.0 ...   0.0  0.0  0.0  0.0  0.0  0.0  0.0
..   ...  ...  ...  ...  ...  ...  ... ...   ...  ...  ...  ...  ...  ...  ...
287  0.0  0.0  0.0  0.0  0.0  0.0  0.0 ...   0.0  0.0  0.0  0.0  0.0  0.0  0.0
288  0.0  0.0  0.0  0.0  0.0  0.0  0.0 ...   0.0  0.0  0.0  0.0  0.0  0.0  0.0
289  0.0  0.0  0.0  0.0  0.0  0.0  0.0 ...   0.0  0.0  0.0  0.0  0.0  0.0  0.0
290  0.0  0.0  0.0  0.0  0.0  0.0  0.0 ...   0.0  0.0  0.0  0.0  0.0  0.0  0.0
291  0.0  0.0  0.0  0.0  0.0  0.0  0.0 ...   0.0  0.0  0.0  0.0  0.0  0.0  0.0
270  0.0  0.0  0.0  0.0  0.0  0.0  0.0 ...   0.0  0.0  0.0  0.0  0.0  0.0  0.0
269  0.0  0.0  0.0  0.0  0.0  0.0  0.0 ...   0.0  0.0  0.0  0.0  0.0  0.0  0.0
268  0.0  0.0  0.0  0.0  0.0  0.0  0.0 ...   0.0  0.0  0.0  0.0  0.0  0.0  0.0
256  0.0  0.0  0.0  0.0  0.0  0.0  0.0 ...   0.0  0.0  0.0  0.0  0.0  0.0  0.0
247  0.0  0.0  0.0  0.0  0.0  0.0  0.0 ...   0.0  0.0  0.0  0.0  0.0  0.0  0.0
248  0.0  0.0  0.0  0.0  0.0  0.0  0.0 ...   0.0  0.0  0.0  0.0  0.0  0.0  0.0
249  0.0  0.0  0.0  0.0  0.0  0.0  0.0 ...   0.0  0.0  0.0  0.0  0.0  0.0  0.0
250  0.0  0.0  0.0  0.0  0.0  0.0  0.0 ...   0.0  0.0  0.0  0.0  0.0  0.0  0.0
251  0.0  0.0  0.0  0.0  0.0  0.0  0.0 ...   0.0  0.0  0.0  0.0  0.0  0.0  0.0
252  0.0  0.0  0.0  0.0  0.0  0.0  0.0 ...   0.0  0.0  0.0  0.0  0.0  0.0  0.0
253  0.0  0.0  0.0  0.0  0.0  0.0  0.0 ...   0.0  0.0  0.0  0.0  0.0  0.0  0.0
254  0.0  0.0  0.0  0.0  0.0  0.0  0.0 ...   0.0  0.0  0.0  0.0  0.0  0.0  0.0
255  0.0  0.0  0.0  0.0  0.0  0.0  0.0 ...   0.0  0.0  0.0  0.0  0.0  0.0  0.0
257  0.0  0.0  0.0  0.0  0.0  0.0  0.0 ...   0.0  0.0  0.0  0.0  0.0  0.0  0.0
267  0.0  0.0  0.0  0.0  0.0  0.0  0.0 ...   0.0  0.0  0.0  0.0  0.0  0.0  0.0
258  0.0  0.0  0.0  0.0  0.0  0.0  0.0 ...   0.0  0.0  0.0  0.0  0.0  0.0  0.0
259  0.0  0.0  0.0  0.0  0.0  0.0  0.0 ...   0.0  0.0  0.0  0.0  0.0  0.0  0.0
260  0.0  0.0  0.0  0.0  0.0  0.0  0.0 ...   0.0  0.0  0.0  0.0  0.0  0.0  0.0
261  0.0  0.0  0.0  0.0  0.0  0.0  0.0 ...   0.0  0.0  0.0  0.0  0.0  0.0  0.0
262  0.0  0.0  0.0  0.0  0.0  0.0  0.0 ...   0.0  0.0  0.0  0.0  0.0  0.0  0.0
263  0.0  0.0  0.0  0.0  0.0  0.0  0.0 ...   0.0  0.0  0.0  0.0  0.0  0.0  0.0
264  0.0  0.0  0.0  0.0  0.0  0.0  0.0 ...   0.0  0.0  0.0  0.0  0.0  0.0  0.0
265  0.0  0.0  0.0  0.0  0.0  0.0  0.0 ...   0.0  0.0  0.0  0.0  0.0  0.0  0.0
266  0.0  0.0  0.0  0.0  0.0  0.0  0.0 ...   0.0  0.0  0.0  0.0  0.0  0.0  0.0
783  0.0  0.0  0.0  0.0  0.0  0.0  0.0 ...   0.0  0.0  0.0  0.0  0.0  0.0  0.0

[784 rows x 21 columns]
epoch 22 last  21
       0    1    2    3    4    5    6 ...    15   16   17   18   19   20   21
0    0.0  0.0  0.0  0.0  0.0  0.0  0.0 ...   0.0  0.0  0.0  0.0  0.0  0.0  0.0
515  0.0  0.0  0.0  0.0  0.0  0.0  0.0 ...   0.0  0.0  0.0  0.0  0.0  0.0  0.0
517  0.0  0.0  0.0  0.0  0.0  0.0  0.0 ...   0.0  0.0  0.0  0.0  0.0  0.0  0.0
518  0.0  0.0  0.0  0.0  0.0  0.0  0.0 ...   0.0  0.0  0.0  0.0  0.0  0.0  0.0
519  0.0  0.0  0.0  0.0  0.0  0.0  0.0 ...   0.0  0.0  0.0  0.0  0.0  0.0  0.0
520  0.0  0.0  0.0  0.0  0.0  0.0  0.0 ...   0.0  0.0  0.0  0.0  0.0  0.0  0.0
521  0.0  0.0  0.0  0.0  0.0  0.0  0.0 ...   0.0  0.0  0.0  0.0  0.0  0.0  0.0
522  0.0  0.0  0.0  0.0  0.0  0.0  0.0 ...   0.0  0.0  0.0  0.0  0.0  0.0  0.0
523  0.0  0.0  0.0  0.0  0.0  0.0  0.0 ...   0.0  0.0  0.0  0.0  0.0  0.0  0.0
524  0.0  0.0  0.0  0.0  0.0  0.0  0.0 ...   0.0  0.0  0.0  0.0  0.0  0.0  0.0
525  0.0  0.0  0.0  0.0  0.0  0.0  0.0 ...   0.0  0.0  0.0  0.0  0.0  0.0  0.0
526  0.0  0.0  0.0  0.0  0.0  0.0  0.0 ...   0.0  0.0  0.0  0.0  0.0  0.0  0.0
527  0.0  0.0  0.0  0.0  0.0  0.0  0.0 ...   0.0  0.0  0.0  0.0  0.0  0.0  0.0
528  0.0  0.0  0.0  0.0  0.0  0.0  0.0 ...   0.0  0.0  0.0  0.0  0.0  0.0  0.0
529  0.0  0.0  0.0  0.0  0.0  0.0  0.0 ...   0.0  0.0  0.0  0.0  0.0  0.0  0.0
530  0.0  0.0  0.0  0.0  0.0  0.0  0.0 ...   0.0  0.0  0.0  0.0  0.0  0.0  0.0
531  0.0  0.0  0.0  0.0  0.0  0.0  0.0 ...   0.0  0.0  0.0  0.0  0.0  0.0  0.0
532  0.0  0.0  0.0  0.0  0.0  0.0  0.0 ...   0.0  0.0  0.0  0.0  0.0  0.0  0.0
533  0.0  0.0  0.0  0.0  0.0  0.0  0.0 ...   0.0  0.0  0.0  0.0  0.0  0.0  0.0
534  0.0  0.0  0.0  0.0  0.0  0.0  0.0 ...   0.0  0.0  0.0  0.0  0.0  0.0  0.0
535  0.0  0.0  0.0  0.0  0.0  0.0  0.0 ...   0.0  0.0  0.0  0.0  0.0  0.0  0.0
536  0.0  0.0  0.0  0.0  0.0  0.0  0.0 ...   0.0  0.0  0.0  0.0  0.0  0.0  0.0
537  0.0  0.0  0.0  0.0  0.0  0.0  0.0 ...   0.0  0.0  0.0  0.0  0.0  0.0  0.0
516  0.0  0.0  0.0  0.0  0.0  0.0  0.0 ...   0.0  0.0  0.0  0.0  0.0  0.0  0.0
514  0.0  0.0  0.0  0.0  0.0  0.0  0.0 ...   0.0  0.0  0.0  0.0  0.0  0.0  0.0
1    0.0  0.0  0.0  0.0  0.0  0.0  0.0 ...   0.0  0.0  0.0  0.0  0.0  0.0  0.0
513  0.0  0.0  0.0  0.0  0.0  0.0  0.0 ...   0.0  0.0  0.0  0.0  0.0  0.0  0.0
492  0.0  0.0  0.0  0.0  0.0  0.0  0.0 ...   0.0  0.0  0.0  0.0  0.0  0.0  0.0
493  0.0  0.0  0.0  0.0  0.0  0.0  0.0 ...   0.0  0.0  0.0  0.0  0.0  0.0  0.0
494  0.0  0.0  0.0  0.0  0.0  0.0  0.0 ...   0.0  0.0  0.0  0.0  0.0  0.0  0.0
..   ...  ...  ...  ...  ...  ...  ... ...   ...  ...  ...  ...  ...  ...  ...
287  0.0  0.0  0.0  0.0  0.0  0.0  0.0 ...   0.0  0.0  0.0  0.0  0.0  0.0  0.0
288  0.0  0.0  0.0  0.0  0.0  0.0  0.0 ...   0.0  0.0  0.0  0.0  0.0  0.0  0.0
289  0.0  0.0  0.0  0.0  0.0  0.0  0.0 ...   0.0  0.0  0.0  0.0  0.0  0.0  0.0
290  0.0  0.0  0.0  0.0  0.0  0.0  0.0 ...   0.0  0.0  0.0  0.0  0.0  0.0  0.0
291  0.0  0.0  0.0  0.0  0.0  0.0  0.0 ...   0.0  0.0  0.0  0.0  0.0  0.0  0.0
270  0.0  0.0  0.0  0.0  0.0  0.0  0.0 ...   0.0  0.0  0.0  0.0  0.0  0.0  0.0
269  0.0  0.0  0.0  0.0  0.0  0.0  0.0 ...   0.0  0.0  0.0  0.0  0.0  0.0  0.0
268  0.0  0.0  0.0  0.0  0.0  0.0  0.0 ...   0.0  0.0  0.0  0.0  0.0  0.0  0.0
256  0.0  0.0  0.0  0.0  0.0  0.0  0.0 ...   0.0  0.0  0.0  0.0  0.0  0.0  0.0
247  0.0  0.0  0.0  0.0  0.0  0.0  0.0 ...   0.0  0.0  0.0  0.0  0.0  0.0  0.0
248  0.0  0.0  0.0  0.0  0.0  0.0  0.0 ...   0.0  0.0  0.0  0.0  0.0  0.0  0.0
249  0.0  0.0  0.0  0.0  0.0  0.0  0.0 ...   0.0  0.0  0.0  0.0  0.0  0.0  0.0
250  0.0  0.0  0.0  0.0  0.0  0.0  0.0 ...   0.0  0.0  0.0  0.0  0.0  0.0  0.0
251  0.0  0.0  0.0  0.0  0.0  0.0  0.0 ...   0.0  0.0  0.0  0.0  0.0  0.0  0.0
252  0.0  0.0  0.0  0.0  0.0  0.0  0.0 ...   0.0  0.0  0.0  0.0  0.0  0.0  0.0
253  0.0  0.0  0.0  0.0  0.0  0.0  0.0 ...   0.0  0.0  0.0  0.0  0.0  0.0  0.0
254  0.0  0.0  0.0  0.0  0.0  0.0  0.0 ...   0.0  0.0  0.0  0.0  0.0  0.0  0.0
255  0.0  0.0  0.0  0.0  0.0  0.0  0.0 ...   0.0  0.0  0.0  0.0  0.0  0.0  0.0
257  0.0  0.0  0.0  0.0  0.0  0.0  0.0 ...   0.0  0.0  0.0  0.0  0.0  0.0  0.0
267  0.0  0.0  0.0  0.0  0.0  0.0  0.0 ...   0.0  0.0  0.0  0.0  0.0  0.0  0.0
258  0.0  0.0  0.0  0.0  0.0  0.0  0.0 ...   0.0  0.0  0.0  0.0  0.0  0.0  0.0
259  0.0  0.0  0.0  0.0  0.0  0.0  0.0 ...   0.0  0.0  0.0  0.0  0.0  0.0  0.0
260  0.0  0.0  0.0  0.0  0.0  0.0  0.0 ...   0.0  0.0  0.0  0.0  0.0  0.0  0.0
261  0.0  0.0  0.0  0.0  0.0  0.0  0.0 ...   0.0  0.0  0.0  0.0  0.0  0.0  0.0
262  0.0  0.0  0.0  0.0  0.0  0.0  0.0 ...   0.0  0.0  0.0  0.0  0.0  0.0  0.0
263  0.0  0.0  0.0  0.0  0.0  0.0  0.0 ...   0.0  0.0  0.0  0.0  0.0  0.0  0.0
264  0.0  0.0  0.0  0.0  0.0  0.0  0.0 ...   0.0  0.0  0.0  0.0  0.0  0.0  0.0
265  0.0  0.0  0.0  0.0  0.0  0.0  0.0 ...   0.0  0.0  0.0  0.0  0.0  0.0  0.0
266  0.0  0.0  0.0  0.0  0.0  0.0  0.0 ...   0.0  0.0  0.0  0.0  0.0  0.0  0.0
783  0.0  0.0  0.0  0.0  0.0  0.0  0.0 ...   0.0  0.0  0.0  0.0  0.0  0.0  0.0

[784 rows x 22 columns]
epoch 23 last  22
       0    1    2    3    4    5    6 ...    16   17   18   19   20   21   22
0    0.0  0.0  0.0  0.0  0.0  0.0  0.0 ...   0.0  0.0  0.0  0.0  0.0  0.0  0.0
515  0.0  0.0  0.0  0.0  0.0  0.0  0.0 ...   0.0  0.0  0.0  0.0  0.0  0.0  0.0
517  0.0  0.0  0.0  0.0  0.0  0.0  0.0 ...   0.0  0.0  0.0  0.0  0.0  0.0  0.0
518  0.0  0.0  0.0  0.0  0.0  0.0  0.0 ...   0.0  0.0  0.0  0.0  0.0  0.0  0.0
519  0.0  0.0  0.0  0.0  0.0  0.0  0.0 ...   0.0  0.0  0.0  0.0  0.0  0.0  0.0
520  0.0  0.0  0.0  0.0  0.0  0.0  0.0 ...   0.0  0.0  0.0  0.0  0.0  0.0  0.0
521  0.0  0.0  0.0  0.0  0.0  0.0  0.0 ...   0.0  0.0  0.0  0.0  0.0  0.0  0.0
522  0.0  0.0  0.0  0.0  0.0  0.0  0.0 ...   0.0  0.0  0.0  0.0  0.0  0.0  0.0
523  0.0  0.0  0.0  0.0  0.0  0.0  0.0 ...   0.0  0.0  0.0  0.0  0.0  0.0  0.0
524  0.0  0.0  0.0  0.0  0.0  0.0  0.0 ...   0.0  0.0  0.0  0.0  0.0  0.0  0.0
525  0.0  0.0  0.0  0.0  0.0  0.0  0.0 ...   0.0  0.0  0.0  0.0  0.0  0.0  0.0
526  0.0  0.0  0.0  0.0  0.0  0.0  0.0 ...   0.0  0.0  0.0  0.0  0.0  0.0  0.0
527  0.0  0.0  0.0  0.0  0.0  0.0  0.0 ...   0.0  0.0  0.0  0.0  0.0  0.0  0.0
528  0.0  0.0  0.0  0.0  0.0  0.0  0.0 ...   0.0  0.0  0.0  0.0  0.0  0.0  0.0
529  0.0  0.0  0.0  0.0  0.0  0.0  0.0 ...   0.0  0.0  0.0  0.0  0.0  0.0  0.0
530  0.0  0.0  0.0  0.0  0.0  0.0  0.0 ...   0.0  0.0  0.0  0.0  0.0  0.0  0.0
531  0.0  0.0  0.0  0.0  0.0  0.0  0.0 ...   0.0  0.0  0.0  0.0  0.0  0.0  0.0
532  0.0  0.0  0.0  0.0  0.0  0.0  0.0 ...   0.0  0.0  0.0  0.0  0.0  0.0  0.0
533  0.0  0.0  0.0  0.0  0.0  0.0  0.0 ...   0.0  0.0  0.0  0.0  0.0  0.0  0.0
534  0.0  0.0  0.0  0.0  0.0  0.0  0.0 ...   0.0  0.0  0.0  0.0  0.0  0.0  0.0
535  0.0  0.0  0.0  0.0  0.0  0.0  0.0 ...   0.0  0.0  0.0  0.0  0.0  0.0  0.0
536  0.0  0.0  0.0  0.0  0.0  0.0  0.0 ...   0.0  0.0  0.0  0.0  0.0  0.0  0.0
537  0.0  0.0  0.0  0.0  0.0  0.0  0.0 ...   0.0  0.0  0.0  0.0  0.0  0.0  0.0
516  0.0  0.0  0.0  0.0  0.0  0.0  0.0 ...   0.0  0.0  0.0  0.0  0.0  0.0  0.0
514  0.0  0.0  0.0  0.0  0.0  0.0  0.0 ...   0.0  0.0  0.0  0.0  0.0  0.0  0.0
1    0.0  0.0  0.0  0.0  0.0  0.0  0.0 ...   0.0  0.0  0.0  0.0  0.0  0.0  0.0
513  0.0  0.0  0.0  0.0  0.0  0.0  0.0 ...   0.0  0.0  0.0  0.0  0.0  0.0  0.0
492  0.0  0.0  0.0  0.0  0.0  0.0  0.0 ...   0.0  0.0  0.0  0.0  0.0  0.0  0.0
493  0.0  0.0  0.0  0.0  0.0  0.0  0.0 ...   0.0  0.0  0.0  0.0  0.0  0.0  0.0
494  0.0  0.0  0.0  0.0  0.0  0.0  0.0 ...   0.0  0.0  0.0  0.0  0.0  0.0  0.0
..   ...  ...  ...  ...  ...  ...  ... ...   ...  ...  ...  ...  ...  ...  ...
287  0.0  0.0  0.0  0.0  0.0  0.0  0.0 ...   0.0  0.0  0.0  0.0  0.0  0.0  0.0
288  0.0  0.0  0.0  0.0  0.0  0.0  0.0 ...   0.0  0.0  0.0  0.0  0.0  0.0  0.0
289  0.0  0.0  0.0  0.0  0.0  0.0  0.0 ...   0.0  0.0  0.0  0.0  0.0  0.0  0.0
290  0.0  0.0  0.0  0.0  0.0  0.0  0.0 ...   0.0  0.0  0.0  0.0  0.0  0.0  0.0
291  0.0  0.0  0.0  0.0  0.0  0.0  0.0 ...   0.0  0.0  0.0  0.0  0.0  0.0  0.0
270  0.0  0.0  0.0  0.0  0.0  0.0  0.0 ...   0.0  0.0  0.0  0.0  0.0  0.0  0.0
269  0.0  0.0  0.0  0.0  0.0  0.0  0.0 ...   0.0  0.0  0.0  0.0  0.0  0.0  0.0
268  0.0  0.0  0.0  0.0  0.0  0.0  0.0 ...   0.0  0.0  0.0  0.0  0.0  0.0  0.0
256  0.0  0.0  0.0  0.0  0.0  0.0  0.0 ...   0.0  0.0  0.0  0.0  0.0  0.0  0.0
247  0.0  0.0  0.0  0.0  0.0  0.0  0.0 ...   0.0  0.0  0.0  0.0  0.0  0.0  0.0
248  0.0  0.0  0.0  0.0  0.0  0.0  0.0 ...   0.0  0.0  0.0  0.0  0.0  0.0  0.0
249  0.0  0.0  0.0  0.0  0.0  0.0  0.0 ...   0.0  0.0  0.0  0.0  0.0  0.0  0.0
250  0.0  0.0  0.0  0.0  0.0  0.0  0.0 ...   0.0  0.0  0.0  0.0  0.0  0.0  0.0
251  0.0  0.0  0.0  0.0  0.0  0.0  0.0 ...   0.0  0.0  0.0  0.0  0.0  0.0  0.0
252  0.0  0.0  0.0  0.0  0.0  0.0  0.0 ...   0.0  0.0  0.0  0.0  0.0  0.0  0.0
253  0.0  0.0  0.0  0.0  0.0  0.0  0.0 ...   0.0  0.0  0.0  0.0  0.0  0.0  0.0
254  0.0  0.0  0.0  0.0  0.0  0.0  0.0 ...   0.0  0.0  0.0  0.0  0.0  0.0  0.0
255  0.0  0.0  0.0  0.0  0.0  0.0  0.0 ...   0.0  0.0  0.0  0.0  0.0  0.0  0.0
257  0.0  0.0  0.0  0.0  0.0  0.0  0.0 ...   0.0  0.0  0.0  0.0  0.0  0.0  0.0
267  0.0  0.0  0.0  0.0  0.0  0.0  0.0 ...   0.0  0.0  0.0  0.0  0.0  0.0  0.0
258  0.0  0.0  0.0  0.0  0.0  0.0  0.0 ...   0.0  0.0  0.0  0.0  0.0  0.0  0.0
259  0.0  0.0  0.0  0.0  0.0  0.0  0.0 ...   0.0  0.0  0.0  0.0  0.0  0.0  0.0
260  0.0  0.0  0.0  0.0  0.0  0.0  0.0 ...   0.0  0.0  0.0  0.0  0.0  0.0  0.0
261  0.0  0.0  0.0  0.0  0.0  0.0  0.0 ...   0.0  0.0  0.0  0.0  0.0  0.0  0.0
262  0.0  0.0  0.0  0.0  0.0  0.0  0.0 ...   0.0  0.0  0.0  0.0  0.0  0.0  0.0
263  0.0  0.0  0.0  0.0  0.0  0.0  0.0 ...   0.0  0.0  0.0  0.0  0.0  0.0  0.0
264  0.0  0.0  0.0  0.0  0.0  0.0  0.0 ...   0.0  0.0  0.0  0.0  0.0  0.0  0.0
265  0.0  0.0  0.0  0.0  0.0  0.0  0.0 ...   0.0  0.0  0.0  0.0  0.0  0.0  0.0
266  0.0  0.0  0.0  0.0  0.0  0.0  0.0 ...   0.0  0.0  0.0  0.0  0.0  0.0  0.0
783  0.0  0.0  0.0  0.0  0.0  0.0  0.0 ...   0.0  0.0  0.0  0.0  0.0  0.0  0.0

[784 rows x 23 columns]
